This file contains any messages produced by compilers while
running configure, to aid debugging if configure makes a mistake.

It was created by readline configure 6.2, which was
generated by GNU Autoconf 2.63.  Invocation command line was

  $ ./configure --host=arm-linux-androideabi --target=arm-linux-androideabi --prefix=/home/river/android-sdk/workplace/micharu123-py4a/python3-alpha/thirdparty --enable-shared --with-curses

## --------- ##
## Platform. ##
## --------- ##

hostname = ca-fremont-1.tubebook.net
uname -m = x86_64
uname -r = 3.12.9-x86_64-linode37
uname -s = Linux
uname -v = #1 SMP Mon Feb 3 10:01:02 EST 2014

/usr/bin/uname -p = unknown
/bin/uname -X     = unknown

/bin/arch              = unknown
/usr/bin/arch -k       = unknown
/usr/convex/getsysinfo = unknown
/usr/bin/hostinfo      = unknown
/bin/machine           = unknown
/usr/bin/oslevel       = unknown
/bin/universe          = unknown

PATH: /usr/local/sbin
PATH: /usr/local/bin
PATH: /usr/sbin
PATH: /usr/bin
PATH: /sbin
PATH: /bin
PATH: /usr/games
PATH: /home/river/android-sdk/android-toolchain/bin


## ----------- ##
## Core tests. ##
## ----------- ##

configure:1895: checking build system type
configure:1913: result: x86_64-unknown-linux-gnu
configure:1935: checking host system type
configure:1950: result: arm-unknown-linux-androideabi
configure:2059: checking whether make sets $(MAKE)
configure:2081: result: yes
configure:2098: checking for arm-linux-androideabi-gcc
configure:2125: result: arm-linux-androideabi-gcc
configure:2397: checking for C compiler version
configure:2405: arm-linux-androideabi-gcc --version >&5
arm-linux-androideabi-gcc (GCC) 4.8
Copyright (C) 2013 Free Software Foundation, Inc.
This is free software; see the source for copying conditions.  There is NO
warranty; not even for MERCHANTABILITY or FITNESS FOR A PARTICULAR PURPOSE.

configure:2409: $? = 0
configure:2416: arm-linux-androideabi-gcc -v >&5
Using built-in specs.
COLLECT_GCC=arm-linux-androideabi-gcc
COLLECT_LTO_WRAPPER=/home/river/android-sdk/android-toolchain/bin/../libexec/gcc/arm-linux-androideabi/4.8/lto-wrapper
Target: arm-linux-androideabi
Configured with: /s/ndk-toolchain/src/build/../gcc/gcc-4.8/configure --prefix=/tmp/ndk-andrewhsieh/build/toolchain/prefix --target=arm-linux-androideabi --host=x86_64-linux-gnu --build=x86_64-linux-gnu --with-gnu-as --with-gnu-ld --enable-languages=c,c++ --with-gmp=/tmp/ndk-andrewhsieh/build/toolchain/temp-install --with-mpfr=/tmp/ndk-andrewhsieh/build/toolchain/temp-install --with-mpc=/tmp/ndk-andrewhsieh/build/toolchain/temp-install --with-cloog=/tmp/ndk-andrewhsieh/build/toolchain/temp-install --with-isl=/tmp/ndk-andrewhsieh/build/toolchain/temp-install --with-ppl=/tmp/ndk-andrewhsieh/build/toolchain/temp-install --disable-ppl-version-check --disable-cloog-version-check --disable-isl-version-check --enable-cloog-backend=isl --with-host-libstdcxx='-static-libgcc -Wl,-Bstatic,-lstdc++,-Bdynamic -lm' --disable-libssp --enable-threads --disable-nls --disable-libmudflap --disable-libgomp --disable-libstdc__-v3 --disable-sjlj-exceptions --disable-shared --disable-tls --disable-libitm --with-float=soft --with-fpu=vfp --with-arch=armv5te --enable-target-optspace --enable-initfini-array --disable-nls --prefix=/tmp/ndk-andrewhsieh/build/toolchain/prefix --with-sysroot=/tmp/ndk-andrewhsieh/build/toolchain/prefix/sysroot --with-binutils-version=2.23 --with-mpfr-version=3.1.1 --with-mpc-version=1.0.1 --with-gmp-version=5.0.5 --with-gcc-version=4.8 --with-gdb-version=7.3.x --with-python=/usr/local/google/home/andrewhsieh/mydroid/ndk/prebuilt/linux-x86_64/bin/python-config.sh --with-gxx-include-dir=/tmp/ndk-andrewhsieh/build/toolchain/prefix/include/c++/4.8 --with-bugurl=http://source.android.com/source/report-bugs.html --disable-bootstrap --disable-libquadmath --enable-plugins --enable-libgomp --disable-libsanitizer --enable-gold --enable-graphite=yes --with-cloog-version=0.18.0 --with-isl-version=0.11.1 --with-arch=armv5te --program-transform-name='s&^&arm-linux-androideabi-&' --enable-gold=default
Thread model: posix
gcc version 4.8 (GCC) 
configure:2420: $? = 0
configure:2427: arm-linux-androideabi-gcc -V >&5
arm-linux-androideabi-gcc: error: unrecognized command line option '-V'
arm-linux-androideabi-gcc: fatal error: no input files
compilation terminated.
configure:2431: $? = 1
configure:2454: checking for C compiler default output file name
configure:2476: arm-linux-androideabi-gcc -I/home/river/android-sdk/workplace/micharu123-py4a/python3-alpha/thirdparty/include -I/home/river/android-sdk/workplace/micharu123-py4a/python3-alpha/thirdparty/include/ncurses  -L/home/river/android-sdk/workplace/micharu123-py4a/python3-alpha/thirdparty/lib  conftest.c  >&5
configure:2480: $? = 0
configure:2518: result: a.out
configure:2537: checking whether the C compiler works
configure:2547: ./a.out
./configure: line 2549: ./a.out: cannot execute binary file
configure:2551: $? = 126
configure:2570: result: yes
configure:2577: checking whether we are cross compiling
configure:2579: result: yes
configure:2582: checking for suffix of executables
configure:2589: arm-linux-androideabi-gcc -o conftest -I/home/river/android-sdk/workplace/micharu123-py4a/python3-alpha/thirdparty/include -I/home/river/android-sdk/workplace/micharu123-py4a/python3-alpha/thirdparty/include/ncurses  -L/home/river/android-sdk/workplace/micharu123-py4a/python3-alpha/thirdparty/lib  conftest.c  >&5
configure:2593: $? = 0
configure:2619: result: 
configure:2625: checking for suffix of object files
configure:2651: arm-linux-androideabi-gcc -c -I/home/river/android-sdk/workplace/micharu123-py4a/python3-alpha/thirdparty/include -I/home/river/android-sdk/workplace/micharu123-py4a/python3-alpha/thirdparty/include/ncurses  conftest.c >&5
configure:2655: $? = 0
configure:2680: result: o
configure:2684: checking whether we are using the GNU C compiler
configure:2713: arm-linux-androideabi-gcc -c -I/home/river/android-sdk/workplace/micharu123-py4a/python3-alpha/thirdparty/include -I/home/river/android-sdk/workplace/micharu123-py4a/python3-alpha/thirdparty/include/ncurses  conftest.c >&5
configure:2720: $? = 0
configure:2737: result: yes
configure:2746: checking whether arm-linux-androideabi-gcc accepts -g
configure:2776: arm-linux-androideabi-gcc -c -g  conftest.c >&5
configure:2783: $? = 0
configure:2884: result: yes
configure:2901: checking for arm-linux-androideabi-gcc option to accept ISO C89
configure:2975: arm-linux-androideabi-gcc  -c -I/home/river/android-sdk/workplace/micharu123-py4a/python3-alpha/thirdparty/include -I/home/river/android-sdk/workplace/micharu123-py4a/python3-alpha/thirdparty/include/ncurses  conftest.c >&5
configure:2982: $? = 0
configure:3005: result: none needed
configure:3029: checking how to run the C preprocessor
configure:3069: arm-linux-androideabi-gcc -E  conftest.c
configure:3076: $? = 0
configure:3107: arm-linux-androideabi-gcc -E  conftest.c
conftest.c:8:28: fatal error: ac_nonexistent.h: No such file or directory
 #include <ac_nonexistent.h>
                            ^
compilation terminated.
configure:3114: $? = 1
configure: failed program was:
| /* confdefs.h.  */
| #define PACKAGE_NAME "readline"
| #define PACKAGE_TARNAME "readline"
| #define PACKAGE_VERSION "6.2"
| #define PACKAGE_STRING "readline 6.2"
| #define PACKAGE_BUGREPORT "bug-readline@gnu.org"
| /* end confdefs.h.  */
| #include <ac_nonexistent.h>
configure:3147: result: arm-linux-androideabi-gcc -E
configure:3176: arm-linux-androideabi-gcc -E  conftest.c
configure:3183: $? = 0
configure:3214: arm-linux-androideabi-gcc -E  conftest.c
conftest.c:8:28: fatal error: ac_nonexistent.h: No such file or directory
 #include <ac_nonexistent.h>
                            ^
compilation terminated.
configure:3221: $? = 1
configure: failed program was:
| /* confdefs.h.  */
| #define PACKAGE_NAME "readline"
| #define PACKAGE_TARNAME "readline"
| #define PACKAGE_VERSION "6.2"
| #define PACKAGE_STRING "readline 6.2"
| #define PACKAGE_BUGREPORT "bug-readline@gnu.org"
| /* end confdefs.h.  */
| #include <ac_nonexistent.h>
configure:3261: checking for grep that handles long lines and -e
configure:3321: result: /bin/grep
configure:3326: checking for egrep
configure:3390: result: /bin/grep -E
configure:3395: checking for ANSI C header files
configure:3425: arm-linux-androideabi-gcc -c -I/home/river/android-sdk/workplace/micharu123-py4a/python3-alpha/thirdparty/include -I/home/river/android-sdk/workplace/micharu123-py4a/python3-alpha/thirdparty/include/ncurses  conftest.c >&5
configure:3432: $? = 0
configure:3563: result: yes
configure:3587: checking for sys/types.h
configure:3608: arm-linux-androideabi-gcc -c -I/home/river/android-sdk/workplace/micharu123-py4a/python3-alpha/thirdparty/include -I/home/river/android-sdk/workplace/micharu123-py4a/python3-alpha/thirdparty/include/ncurses  conftest.c >&5
configure:3615: $? = 0
configure:3632: result: yes
configure:3587: checking for sys/stat.h
configure:3608: arm-linux-androideabi-gcc -c -I/home/river/android-sdk/workplace/micharu123-py4a/python3-alpha/thirdparty/include -I/home/river/android-sdk/workplace/micharu123-py4a/python3-alpha/thirdparty/include/ncurses  conftest.c >&5
configure:3615: $? = 0
configure:3632: result: yes
configure:3587: checking for stdlib.h
configure:3608: arm-linux-androideabi-gcc -c -I/home/river/android-sdk/workplace/micharu123-py4a/python3-alpha/thirdparty/include -I/home/river/android-sdk/workplace/micharu123-py4a/python3-alpha/thirdparty/include/ncurses  conftest.c >&5
configure:3615: $? = 0
configure:3632: result: yes
configure:3587: checking for string.h
configure:3608: arm-linux-androideabi-gcc -c -I/home/river/android-sdk/workplace/micharu123-py4a/python3-alpha/thirdparty/include -I/home/river/android-sdk/workplace/micharu123-py4a/python3-alpha/thirdparty/include/ncurses  conftest.c >&5
configure:3615: $? = 0
configure:3632: result: yes
configure:3587: checking for memory.h
configure:3608: arm-linux-androideabi-gcc -c -I/home/river/android-sdk/workplace/micharu123-py4a/python3-alpha/thirdparty/include -I/home/river/android-sdk/workplace/micharu123-py4a/python3-alpha/thirdparty/include/ncurses  conftest.c >&5
configure:3615: $? = 0
configure:3632: result: yes
configure:3587: checking for strings.h
configure:3608: arm-linux-androideabi-gcc -c -I/home/river/android-sdk/workplace/micharu123-py4a/python3-alpha/thirdparty/include -I/home/river/android-sdk/workplace/micharu123-py4a/python3-alpha/thirdparty/include/ncurses  conftest.c >&5
configure:3615: $? = 0
configure:3632: result: yes
configure:3587: checking for inttypes.h
configure:3608: arm-linux-androideabi-gcc -c -I/home/river/android-sdk/workplace/micharu123-py4a/python3-alpha/thirdparty/include -I/home/river/android-sdk/workplace/micharu123-py4a/python3-alpha/thirdparty/include/ncurses  conftest.c >&5
configure:3615: $? = 0
configure:3632: result: yes
configure:3587: checking for stdint.h
configure:3608: arm-linux-androideabi-gcc -c -I/home/river/android-sdk/workplace/micharu123-py4a/python3-alpha/thirdparty/include -I/home/river/android-sdk/workplace/micharu123-py4a/python3-alpha/thirdparty/include/ncurses  conftest.c >&5
configure:3615: $? = 0
configure:3632: result: yes
configure:3587: checking for unistd.h
configure:3608: arm-linux-androideabi-gcc -c -I/home/river/android-sdk/workplace/micharu123-py4a/python3-alpha/thirdparty/include -I/home/river/android-sdk/workplace/micharu123-py4a/python3-alpha/thirdparty/include/ncurses  conftest.c >&5
configure:3615: $? = 0
configure:3632: result: yes
configure:3657: checking minix/config.h usability
configure:3674: arm-linux-androideabi-gcc -c -I/home/river/android-sdk/workplace/micharu123-py4a/python3-alpha/thirdparty/include -I/home/river/android-sdk/workplace/micharu123-py4a/python3-alpha/thirdparty/include/ncurses  conftest.c >&5
conftest.c:51:26: fatal error: minix/config.h: No such file or directory
 #include <minix/config.h>
                          ^
compilation terminated.
configure:3681: $? = 1
configure: failed program was:
| /* confdefs.h.  */
| #define PACKAGE_NAME "readline"
| #define PACKAGE_TARNAME "readline"
| #define PACKAGE_VERSION "6.2"
| #define PACKAGE_STRING "readline 6.2"
| #define PACKAGE_BUGREPORT "bug-readline@gnu.org"
| #define STDC_HEADERS 1
| #define HAVE_SYS_TYPES_H 1
| #define HAVE_SYS_STAT_H 1
| #define HAVE_STDLIB_H 1
| #define HAVE_STRING_H 1
| #define HAVE_MEMORY_H 1
| #define HAVE_STRINGS_H 1
| #define HAVE_INTTYPES_H 1
| #define HAVE_STDINT_H 1
| #define HAVE_UNISTD_H 1
| /* end confdefs.h.  */
| #include <stdio.h>
| #ifdef HAVE_SYS_TYPES_H
| # include <sys/types.h>
| #endif
| #ifdef HAVE_SYS_STAT_H
| # include <sys/stat.h>
| #endif
| #ifdef STDC_HEADERS
| # include <stdlib.h>
| # include <stddef.h>
| #else
| # ifdef HAVE_STDLIB_H
| #  include <stdlib.h>
| # endif
| #endif
| #ifdef HAVE_STRING_H
| # if !defined STDC_HEADERS && defined HAVE_MEMORY_H
| #  include <memory.h>
| # endif
| # include <string.h>
| #endif
| #ifdef HAVE_STRINGS_H
| # include <strings.h>
| #endif
| #ifdef HAVE_INTTYPES_H
| # include <inttypes.h>
| #endif
| #ifdef HAVE_STDINT_H
| # include <stdint.h>
| #endif
| #ifdef HAVE_UNISTD_H
| # include <unistd.h>
| #endif
| #include <minix/config.h>
configure:3695: result: no
configure:3699: checking minix/config.h presence
configure:3714: arm-linux-androideabi-gcc -E  conftest.c
conftest.c:18:26: fatal error: minix/config.h: No such file or directory
 #include <minix/config.h>
                          ^
compilation terminated.
configure:3721: $? = 1
configure: failed program was:
| /* confdefs.h.  */
| #define PACKAGE_NAME "readline"
| #define PACKAGE_TARNAME "readline"
| #define PACKAGE_VERSION "6.2"
| #define PACKAGE_STRING "readline 6.2"
| #define PACKAGE_BUGREPORT "bug-readline@gnu.org"
| #define STDC_HEADERS 1
| #define HAVE_SYS_TYPES_H 1
| #define HAVE_SYS_STAT_H 1
| #define HAVE_STDLIB_H 1
| #define HAVE_STRING_H 1
| #define HAVE_MEMORY_H 1
| #define HAVE_STRINGS_H 1
| #define HAVE_INTTYPES_H 1
| #define HAVE_STDINT_H 1
| #define HAVE_UNISTD_H 1
| /* end confdefs.h.  */
| #include <minix/config.h>
configure:3735: result: no
configure:3768: checking for minix/config.h
configure:3775: result: no
configure:3806: checking whether it is safe to define __EXTENSIONS__
configure:3834: arm-linux-androideabi-gcc -c -I/home/river/android-sdk/workplace/micharu123-py4a/python3-alpha/thirdparty/include -I/home/river/android-sdk/workplace/micharu123-py4a/python3-alpha/thirdparty/include/ncurses  conftest.c >&5
configure:3841: $? = 0
configure:3856: result: yes
configure:3885: checking whether arm-linux-androideabi-gcc needs -traditional
configure:3927: result: no
configure:3948: checking for a BSD-compatible install
configure:4016: result: /usr/bin/install -c
configure:4029: checking for ar
configure:4057: result: arm-linux-androideabi-ar
configure:4069: checking for arm-linux-androideabi-ranlib
configure:4096: result: arm-linux-androideabi-ranlib
configure:4162: checking for an ANSI C-conforming const
configure:4237: arm-linux-androideabi-gcc -c -I/home/river/android-sdk/workplace/micharu123-py4a/python3-alpha/thirdparty/include -I/home/river/android-sdk/workplace/micharu123-py4a/python3-alpha/thirdparty/include/ncurses  conftest.c >&5
configure:4244: $? = 0
configure:4259: result: yes
configure:4269: checking for function prototypes
configure:4272: result: yes
configure:4290: checking whether char is unsigned
configure:4318: arm-linux-androideabi-gcc -c -I/home/river/android-sdk/workplace/micharu123-py4a/python3-alpha/thirdparty/include -I/home/river/android-sdk/workplace/micharu123-py4a/python3-alpha/thirdparty/include/ncurses  conftest.c >&5
conftest.c: In function 'main':
conftest.c:61:12: error: size of array 'test_array' is negative
 static int test_array [1 - 2 * !(((char) -1) < 0)];
            ^
configure:4325: $? = 1
configure: failed program was:
| /* confdefs.h.  */
| #define PACKAGE_NAME "readline"
| #define PACKAGE_TARNAME "readline"
| #define PACKAGE_VERSION "6.2"
| #define PACKAGE_STRING "readline 6.2"
| #define PACKAGE_BUGREPORT "bug-readline@gnu.org"
| #define STDC_HEADERS 1
| #define HAVE_SYS_TYPES_H 1
| #define HAVE_SYS_STAT_H 1
| #define HAVE_STDLIB_H 1
| #define HAVE_STRING_H 1
| #define HAVE_MEMORY_H 1
| #define HAVE_STRINGS_H 1
| #define HAVE_INTTYPES_H 1
| #define HAVE_STDINT_H 1
| #define HAVE_UNISTD_H 1
| #define __EXTENSIONS__ 1
| #define _ALL_SOURCE 1
| #define _GNU_SOURCE 1
| #define _POSIX_PTHREAD_SEMANTICS 1
| #define _TANDEM_SOURCE 1
| #define PROTOTYPES 1
| #define __PROTOTYPES 1
| /* end confdefs.h.  */
| #include <stdio.h>
| #ifdef HAVE_SYS_TYPES_H
| # include <sys/types.h>
| #endif
| #ifdef HAVE_SYS_STAT_H
| # include <sys/stat.h>
| #endif
| #ifdef STDC_HEADERS
| # include <stdlib.h>
| # include <stddef.h>
| #else
| # ifdef HAVE_STDLIB_H
| #  include <stdlib.h>
| # endif
| #endif
| #ifdef HAVE_STRING_H
| # if !defined STDC_HEADERS && defined HAVE_MEMORY_H
| #  include <memory.h>
| # endif
| # include <string.h>
| #endif
| #ifdef HAVE_STRINGS_H
| # include <strings.h>
| #endif
| #ifdef HAVE_INTTYPES_H
| # include <inttypes.h>
| #endif
| #ifdef HAVE_STDINT_H
| # include <stdint.h>
| #endif
| #ifdef HAVE_UNISTD_H
| # include <unistd.h>
| #endif
| int
| main ()
| {
| static int test_array [1 - 2 * !(((char) -1) < 0)];
| test_array [0] = 0
| 
|   ;
|   return 0;
| }
configure:4340: result: yes
configure:4349: checking for working volatile
configure:4378: arm-linux-androideabi-gcc -c -I/home/river/android-sdk/workplace/micharu123-py4a/python3-alpha/thirdparty/include -I/home/river/android-sdk/workplace/micharu123-py4a/python3-alpha/thirdparty/include/ncurses  conftest.c >&5
configure:4385: $? = 0
configure:4400: result: yes
configure:4411: checking return type of signal handlers
configure:4439: arm-linux-androideabi-gcc -c -I/home/river/android-sdk/workplace/micharu123-py4a/python3-alpha/thirdparty/include -I/home/river/android-sdk/workplace/micharu123-py4a/python3-alpha/thirdparty/include/ncurses  conftest.c >&5
conftest.c: In function 'main':
conftest.c:31:1: error: void value not ignored as it ought to be
 return *(signal (0, 0)) (0) == 1;
 ^
configure:4446: $? = 1
configure: failed program was:
| /* confdefs.h.  */
| #define PACKAGE_NAME "readline"
| #define PACKAGE_TARNAME "readline"
| #define PACKAGE_VERSION "6.2"
| #define PACKAGE_STRING "readline 6.2"
| #define PACKAGE_BUGREPORT "bug-readline@gnu.org"
| #define STDC_HEADERS 1
| #define HAVE_SYS_TYPES_H 1
| #define HAVE_SYS_STAT_H 1
| #define HAVE_STDLIB_H 1
| #define HAVE_STRING_H 1
| #define HAVE_MEMORY_H 1
| #define HAVE_STRINGS_H 1
| #define HAVE_INTTYPES_H 1
| #define HAVE_STDINT_H 1
| #define HAVE_UNISTD_H 1
| #define __EXTENSIONS__ 1
| #define _ALL_SOURCE 1
| #define _GNU_SOURCE 1
| #define _POSIX_PTHREAD_SEMANTICS 1
| #define _TANDEM_SOURCE 1
| #define PROTOTYPES 1
| #define __PROTOTYPES 1
| /* end confdefs.h.  */
| #include <sys/types.h>
| #include <signal.h>
| 
| int
| main ()
| {
| return *(signal (0, 0)) (0) == 1;
|   ;
|   return 0;
| }
configure:4461: result: void
configure:4470: checking for size_t
configure:4498: arm-linux-androideabi-gcc -c -I/home/river/android-sdk/workplace/micharu123-py4a/python3-alpha/thirdparty/include -I/home/river/android-sdk/workplace/micharu123-py4a/python3-alpha/thirdparty/include/ncurses  conftest.c >&5
configure:4505: $? = 0
configure:4532: arm-linux-androideabi-gcc -c -I/home/river/android-sdk/workplace/micharu123-py4a/python3-alpha/thirdparty/include -I/home/river/android-sdk/workplace/micharu123-py4a/python3-alpha/thirdparty/include/ncurses  conftest.c >&5
conftest.c: In function 'main':
conftest.c:62:21: error: expected expression before ')' token
 if (sizeof ((size_t)))
                     ^
configure:4539: $? = 1
configure: failed program was:
| /* confdefs.h.  */
| #define PACKAGE_NAME "readline"
| #define PACKAGE_TARNAME "readline"
| #define PACKAGE_VERSION "6.2"
| #define PACKAGE_STRING "readline 6.2"
| #define PACKAGE_BUGREPORT "bug-readline@gnu.org"
| #define STDC_HEADERS 1
| #define HAVE_SYS_TYPES_H 1
| #define HAVE_SYS_STAT_H 1
| #define HAVE_STDLIB_H 1
| #define HAVE_STRING_H 1
| #define HAVE_MEMORY_H 1
| #define HAVE_STRINGS_H 1
| #define HAVE_INTTYPES_H 1
| #define HAVE_STDINT_H 1
| #define HAVE_UNISTD_H 1
| #define __EXTENSIONS__ 1
| #define _ALL_SOURCE 1
| #define _GNU_SOURCE 1
| #define _POSIX_PTHREAD_SEMANTICS 1
| #define _TANDEM_SOURCE 1
| #define PROTOTYPES 1
| #define __PROTOTYPES 1
| #define RETSIGTYPE void
| /* end confdefs.h.  */
| #include <stdio.h>
| #ifdef HAVE_SYS_TYPES_H
| # include <sys/types.h>
| #endif
| #ifdef HAVE_SYS_STAT_H
| # include <sys/stat.h>
| #endif
| #ifdef STDC_HEADERS
| # include <stdlib.h>
| # include <stddef.h>
| #else
| # ifdef HAVE_STDLIB_H
| #  include <stdlib.h>
| # endif
| #endif
| #ifdef HAVE_STRING_H
| # if !defined STDC_HEADERS && defined HAVE_MEMORY_H
| #  include <memory.h>
| # endif
| # include <string.h>
| #endif
| #ifdef HAVE_STRINGS_H
| # include <strings.h>
| #endif
| #ifdef HAVE_INTTYPES_H
| # include <inttypes.h>
| #endif
| #ifdef HAVE_STDINT_H
| # include <stdint.h>
| #endif
| #ifdef HAVE_UNISTD_H
| # include <unistd.h>
| #endif
| int
| main ()
| {
| if (sizeof ((size_t)))
| 	  return 0;
|   ;
|   return 0;
| }
configure:4562: result: yes
configure:4574: checking for ssize_t
configure:4602: arm-linux-androideabi-gcc -c -I/home/river/android-sdk/workplace/micharu123-py4a/python3-alpha/thirdparty/include -I/home/river/android-sdk/workplace/micharu123-py4a/python3-alpha/thirdparty/include/ncurses  conftest.c >&5
configure:4609: $? = 0
configure:4636: arm-linux-androideabi-gcc -c -I/home/river/android-sdk/workplace/micharu123-py4a/python3-alpha/thirdparty/include -I/home/river/android-sdk/workplace/micharu123-py4a/python3-alpha/thirdparty/include/ncurses  conftest.c >&5
conftest.c: In function 'main':
conftest.c:62:22: error: expected expression before ')' token
 if (sizeof ((ssize_t)))
                      ^
configure:4643: $? = 1
configure: failed program was:
| /* confdefs.h.  */
| #define PACKAGE_NAME "readline"
| #define PACKAGE_TARNAME "readline"
| #define PACKAGE_VERSION "6.2"
| #define PACKAGE_STRING "readline 6.2"
| #define PACKAGE_BUGREPORT "bug-readline@gnu.org"
| #define STDC_HEADERS 1
| #define HAVE_SYS_TYPES_H 1
| #define HAVE_SYS_STAT_H 1
| #define HAVE_STDLIB_H 1
| #define HAVE_STRING_H 1
| #define HAVE_MEMORY_H 1
| #define HAVE_STRINGS_H 1
| #define HAVE_INTTYPES_H 1
| #define HAVE_STDINT_H 1
| #define HAVE_UNISTD_H 1
| #define __EXTENSIONS__ 1
| #define _ALL_SOURCE 1
| #define _GNU_SOURCE 1
| #define _POSIX_PTHREAD_SEMANTICS 1
| #define _TANDEM_SOURCE 1
| #define PROTOTYPES 1
| #define __PROTOTYPES 1
| #define RETSIGTYPE void
| /* end confdefs.h.  */
| #include <stdio.h>
| #ifdef HAVE_SYS_TYPES_H
| # include <sys/types.h>
| #endif
| #ifdef HAVE_SYS_STAT_H
| # include <sys/stat.h>
| #endif
| #ifdef STDC_HEADERS
| # include <stdlib.h>
| # include <stddef.h>
| #else
| # ifdef HAVE_STDLIB_H
| #  include <stdlib.h>
| # endif
| #endif
| #ifdef HAVE_STRING_H
| # if !defined STDC_HEADERS && defined HAVE_MEMORY_H
| #  include <memory.h>
| # endif
| # include <string.h>
| #endif
| #ifdef HAVE_STRINGS_H
| # include <strings.h>
| #endif
| #ifdef HAVE_INTTYPES_H
| # include <inttypes.h>
| #endif
| #ifdef HAVE_STDINT_H
| # include <stdint.h>
| #endif
| #ifdef HAVE_UNISTD_H
| # include <unistd.h>
| #endif
| int
| main ()
| {
| if (sizeof ((ssize_t)))
| 	  return 0;
|   ;
|   return 0;
| }
configure:4666: result: yes
configure:4679: checking for ANSI C header files
configure:4847: result: yes
configure:4858: checking whether stat file-mode macros are broken
configure:4895: arm-linux-androideabi-gcc -c -I/home/river/android-sdk/workplace/micharu123-py4a/python3-alpha/thirdparty/include -I/home/river/android-sdk/workplace/micharu123-py4a/python3-alpha/thirdparty/include/ncurses  conftest.c >&5
configure:4902: $? = 0
configure:4917: result: no
configure:4935: checking for dirent.h that defines DIR
configure:4964: arm-linux-androideabi-gcc -c -I/home/river/android-sdk/workplace/micharu123-py4a/python3-alpha/thirdparty/include -I/home/river/android-sdk/workplace/micharu123-py4a/python3-alpha/thirdparty/include/ncurses  conftest.c >&5
configure:4971: $? = 0
configure:4988: result: yes
configure:5003: checking for library containing opendir
configure:5044: arm-linux-androideabi-gcc -o conftest -I/home/river/android-sdk/workplace/micharu123-py4a/python3-alpha/thirdparty/include -I/home/river/android-sdk/workplace/micharu123-py4a/python3-alpha/thirdparty/include/ncurses  -L/home/river/android-sdk/workplace/micharu123-py4a/python3-alpha/thirdparty/lib  conftest.c  >&5
configure:5051: $? = 0
configure:5082: result: none required
configure:5187: checking for fcntl
configure:5243: arm-linux-androideabi-gcc -o conftest -I/home/river/android-sdk/workplace/micharu123-py4a/python3-alpha/thirdparty/include -I/home/river/android-sdk/workplace/micharu123-py4a/python3-alpha/thirdparty/include/ncurses  -L/home/river/android-sdk/workplace/micharu123-py4a/python3-alpha/thirdparty/lib  conftest.c  >&5
configure:5250: $? = 0
configure:5272: result: yes
configure:5187: checking for kill
configure:5243: arm-linux-androideabi-gcc -o conftest -I/home/river/android-sdk/workplace/micharu123-py4a/python3-alpha/thirdparty/include -I/home/river/android-sdk/workplace/micharu123-py4a/python3-alpha/thirdparty/include/ncurses  -L/home/river/android-sdk/workplace/micharu123-py4a/python3-alpha/thirdparty/lib  conftest.c  >&5
configure:5250: $? = 0
configure:5272: result: yes
configure:5187: checking for lstat
configure:5243: arm-linux-androideabi-gcc -o conftest -I/home/river/android-sdk/workplace/micharu123-py4a/python3-alpha/thirdparty/include -I/home/river/android-sdk/workplace/micharu123-py4a/python3-alpha/thirdparty/include/ncurses  -L/home/river/android-sdk/workplace/micharu123-py4a/python3-alpha/thirdparty/lib  conftest.c  >&5
configure:5250: $? = 0
configure:5272: result: yes
configure:5297: checking for memmove
configure:5353: arm-linux-androideabi-gcc -o conftest -I/home/river/android-sdk/workplace/micharu123-py4a/python3-alpha/thirdparty/include -I/home/river/android-sdk/workplace/micharu123-py4a/python3-alpha/thirdparty/include/ncurses  -L/home/river/android-sdk/workplace/micharu123-py4a/python3-alpha/thirdparty/lib  conftest.c  >&5
conftest.c:54:6: warning: conflicting types for built-in function 'memmove' [enabled by default]
 char memmove ();
      ^
configure:5360: $? = 0
configure:5382: result: yes
configure:5297: checking for putenv
configure:5353: arm-linux-androideabi-gcc -o conftest -I/home/river/android-sdk/workplace/micharu123-py4a/python3-alpha/thirdparty/include -I/home/river/android-sdk/workplace/micharu123-py4a/python3-alpha/thirdparty/include/ncurses  -L/home/river/android-sdk/workplace/micharu123-py4a/python3-alpha/thirdparty/lib  conftest.c  >&5
configure:5360: $? = 0
configure:5382: result: yes
configure:5297: checking for select
configure:5353: arm-linux-androideabi-gcc -o conftest -I/home/river/android-sdk/workplace/micharu123-py4a/python3-alpha/thirdparty/include -I/home/river/android-sdk/workplace/micharu123-py4a/python3-alpha/thirdparty/include/ncurses  -L/home/river/android-sdk/workplace/micharu123-py4a/python3-alpha/thirdparty/lib  conftest.c  >&5
configure:5360: $? = 0
configure:5382: result: yes
configure:5297: checking for setenv
configure:5353: arm-linux-androideabi-gcc -o conftest -I/home/river/android-sdk/workplace/micharu123-py4a/python3-alpha/thirdparty/include -I/home/river/android-sdk/workplace/micharu123-py4a/python3-alpha/thirdparty/include/ncurses  -L/home/river/android-sdk/workplace/micharu123-py4a/python3-alpha/thirdparty/lib  conftest.c  >&5
configure:5360: $? = 0
configure:5382: result: yes
configure:5297: checking for setlocale
configure:5353: arm-linux-androideabi-gcc -o conftest -I/home/river/android-sdk/workplace/micharu123-py4a/python3-alpha/thirdparty/include -I/home/river/android-sdk/workplace/micharu123-py4a/python3-alpha/thirdparty/include/ncurses  -L/home/river/android-sdk/workplace/micharu123-py4a/python3-alpha/thirdparty/lib  conftest.c  >&5
configure:5360: $? = 0
configure:5382: result: yes
configure:5297: checking for strcasecmp
configure:5353: arm-linux-androideabi-gcc -o conftest -I/home/river/android-sdk/workplace/micharu123-py4a/python3-alpha/thirdparty/include -I/home/river/android-sdk/workplace/micharu123-py4a/python3-alpha/thirdparty/include/ncurses  -L/home/river/android-sdk/workplace/micharu123-py4a/python3-alpha/thirdparty/lib  conftest.c  >&5
conftest.c:59:6: warning: conflicting types for built-in function 'strcasecmp' [enabled by default]
 char strcasecmp ();
      ^
configure:5360: $? = 0
configure:5382: result: yes
configure:5297: checking for strpbrk
configure:5353: arm-linux-androideabi-gcc -o conftest -I/home/river/android-sdk/workplace/micharu123-py4a/python3-alpha/thirdparty/include -I/home/river/android-sdk/workplace/micharu123-py4a/python3-alpha/thirdparty/include/ncurses  -L/home/river/android-sdk/workplace/micharu123-py4a/python3-alpha/thirdparty/lib  conftest.c  >&5
conftest.c:60:6: warning: conflicting types for built-in function 'strpbrk' [enabled by default]
 char strpbrk ();
      ^
configure:5360: $? = 0
configure:5382: result: yes
configure:5297: checking for tcgetattr
configure:5353: arm-linux-androideabi-gcc -o conftest -I/home/river/android-sdk/workplace/micharu123-py4a/python3-alpha/thirdparty/include -I/home/river/android-sdk/workplace/micharu123-py4a/python3-alpha/thirdparty/include/ncurses  -L/home/river/android-sdk/workplace/micharu123-py4a/python3-alpha/thirdparty/lib  conftest.c  >&5
/tmp/ccgTMgXd.o:conftest.c:function main: error: undefined reference to 'tcgetattr'
collect2: error: ld returned 1 exit status
configure:5360: $? = 1
configure: failed program was:
| /* confdefs.h.  */
| #define PACKAGE_NAME "readline"
| #define PACKAGE_TARNAME "readline"
| #define PACKAGE_VERSION "6.2"
| #define PACKAGE_STRING "readline 6.2"
| #define PACKAGE_BUGREPORT "bug-readline@gnu.org"
| #define STDC_HEADERS 1
| #define HAVE_SYS_TYPES_H 1
| #define HAVE_SYS_STAT_H 1
| #define HAVE_STDLIB_H 1
| #define HAVE_STRING_H 1
| #define HAVE_MEMORY_H 1
| #define HAVE_STRINGS_H 1
| #define HAVE_INTTYPES_H 1
| #define HAVE_STDINT_H 1
| #define HAVE_UNISTD_H 1
| #define __EXTENSIONS__ 1
| #define _ALL_SOURCE 1
| #define _GNU_SOURCE 1
| #define _POSIX_PTHREAD_SEMANTICS 1
| #define _TANDEM_SOURCE 1
| #define PROTOTYPES 1
| #define __PROTOTYPES 1
| #define RETSIGTYPE void
| #define STDC_HEADERS 1
| #define HAVE_DIRENT_H 1
| #define HAVE_FCNTL 1
| #define HAVE_KILL 1
| #define HAVE_LSTAT 1
| #define HAVE_MEMMOVE 1
| #define HAVE_PUTENV 1
| #define HAVE_SELECT 1
| #define HAVE_SETENV 1
| #define HAVE_SETLOCALE 1
| #define HAVE_STRCASECMP 1
| #define HAVE_STRPBRK 1
| /* end confdefs.h.  */
| /* Define tcgetattr to an innocuous variant, in case <limits.h> declares tcgetattr.
|    For example, HP-UX 11i <limits.h> declares gettimeofday.  */
| #define tcgetattr innocuous_tcgetattr
| 
| /* System header to define __stub macros and hopefully few prototypes,
|     which can conflict with char tcgetattr (); below.
|     Prefer <limits.h> to <assert.h> if __STDC__ is defined, since
|     <limits.h> exists even on freestanding compilers.  */
| 
| #ifdef __STDC__
| # include <limits.h>
| #else
| # include <assert.h>
| #endif
| 
| #undef tcgetattr
| 
| /* Override any GCC internal prototype to avoid an error.
|    Use char because int might match the return type of a GCC
|    builtin and then its argument prototype would still apply.  */
| #ifdef __cplusplus
| extern "C"
| #endif
| char tcgetattr ();
| /* The GNU C library defines this for functions which it implements
|     to always fail with ENOSYS.  Some functions are actually named
|     something starting with __ and the normal name is an alias.  */
| #if defined __stub_tcgetattr || defined __stub___tcgetattr
| choke me
| #endif
| 
| int
| main ()
| {
| return tcgetattr ();
|   ;
|   return 0;
| }
configure:5382: result: no
configure:5297: checking for vsnprintf
configure:5353: arm-linux-androideabi-gcc -o conftest -I/home/river/android-sdk/workplace/micharu123-py4a/python3-alpha/thirdparty/include -I/home/river/android-sdk/workplace/micharu123-py4a/python3-alpha/thirdparty/include/ncurses  -L/home/river/android-sdk/workplace/micharu123-py4a/python3-alpha/thirdparty/lib  conftest.c  >&5
conftest.c:61:6: warning: conflicting types for built-in function 'vsnprintf' [enabled by default]
 char vsnprintf ();
      ^
configure:5360: $? = 0
configure:5382: result: yes
configure:5399: checking for isascii
configure:5455: arm-linux-androideabi-gcc -o conftest -I/home/river/android-sdk/workplace/micharu123-py4a/python3-alpha/thirdparty/include -I/home/river/android-sdk/workplace/micharu123-py4a/python3-alpha/thirdparty/include/ncurses  -L/home/river/android-sdk/workplace/micharu123-py4a/python3-alpha/thirdparty/lib  conftest.c  >&5
conftest.c:62:6: warning: conflicting types for built-in function 'isascii' [enabled by default]
 char isascii ();
      ^
configure:5462: $? = 0
configure:5484: result: yes
configure:5399: checking for isxdigit
configure:5455: arm-linux-androideabi-gcc -o conftest -I/home/river/android-sdk/workplace/micharu123-py4a/python3-alpha/thirdparty/include -I/home/river/android-sdk/workplace/micharu123-py4a/python3-alpha/thirdparty/include/ncurses  -L/home/river/android-sdk/workplace/micharu123-py4a/python3-alpha/thirdparty/lib  conftest.c  >&5
conftest.c:63:6: warning: conflicting types for built-in function 'isxdigit' [enabled by default]
 char isxdigit ();
      ^
configure:5462: $? = 0
configure:5484: result: yes
configure:5502: checking for getpwent
configure:5558: arm-linux-androideabi-gcc -o conftest -I/home/river/android-sdk/workplace/micharu123-py4a/python3-alpha/thirdparty/include -I/home/river/android-sdk/workplace/micharu123-py4a/python3-alpha/thirdparty/include/ncurses  -L/home/river/android-sdk/workplace/micharu123-py4a/python3-alpha/thirdparty/lib  conftest.c  >&5
/tmp/cc6tahTW.o:conftest.c:function main: error: undefined reference to 'getpwent'
collect2: error: ld returned 1 exit status
configure:5565: $? = 1
configure: failed program was:
| /* confdefs.h.  */
| #define PACKAGE_NAME "readline"
| #define PACKAGE_TARNAME "readline"
| #define PACKAGE_VERSION "6.2"
| #define PACKAGE_STRING "readline 6.2"
| #define PACKAGE_BUGREPORT "bug-readline@gnu.org"
| #define STDC_HEADERS 1
| #define HAVE_SYS_TYPES_H 1
| #define HAVE_SYS_STAT_H 1
| #define HAVE_STDLIB_H 1
| #define HAVE_STRING_H 1
| #define HAVE_MEMORY_H 1
| #define HAVE_STRINGS_H 1
| #define HAVE_INTTYPES_H 1
| #define HAVE_STDINT_H 1
| #define HAVE_UNISTD_H 1
| #define __EXTENSIONS__ 1
| #define _ALL_SOURCE 1
| #define _GNU_SOURCE 1
| #define _POSIX_PTHREAD_SEMANTICS 1
| #define _TANDEM_SOURCE 1
| #define PROTOTYPES 1
| #define __PROTOTYPES 1
| #define RETSIGTYPE void
| #define STDC_HEADERS 1
| #define HAVE_DIRENT_H 1
| #define HAVE_FCNTL 1
| #define HAVE_KILL 1
| #define HAVE_LSTAT 1
| #define HAVE_MEMMOVE 1
| #define HAVE_PUTENV 1
| #define HAVE_SELECT 1
| #define HAVE_SETENV 1
| #define HAVE_SETLOCALE 1
| #define HAVE_STRCASECMP 1
| #define HAVE_STRPBRK 1
| #define HAVE_VSNPRINTF 1
| #define HAVE_ISASCII 1
| #define HAVE_ISXDIGIT 1
| /* end confdefs.h.  */
| /* Define getpwent to an innocuous variant, in case <limits.h> declares getpwent.
|    For example, HP-UX 11i <limits.h> declares gettimeofday.  */
| #define getpwent innocuous_getpwent
| 
| /* System header to define __stub macros and hopefully few prototypes,
|     which can conflict with char getpwent (); below.
|     Prefer <limits.h> to <assert.h> if __STDC__ is defined, since
|     <limits.h> exists even on freestanding compilers.  */
| 
| #ifdef __STDC__
| # include <limits.h>
| #else
| # include <assert.h>
| #endif
| 
| #undef getpwent
| 
| /* Override any GCC internal prototype to avoid an error.
|    Use char because int might match the return type of a GCC
|    builtin and then its argument prototype would still apply.  */
| #ifdef __cplusplus
| extern "C"
| #endif
| char getpwent ();
| /* The GNU C library defines this for functions which it implements
|     to always fail with ENOSYS.  Some functions are actually named
|     something starting with __ and the normal name is an alias.  */
| #if defined __stub_getpwent || defined __stub___getpwent
| choke me
| #endif
| 
| int
| main ()
| {
| return getpwent ();
|   ;
|   return 0;
| }
configure:5587: result: no
configure:5502: checking for getpwnam
configure:5558: arm-linux-androideabi-gcc -o conftest -I/home/river/android-sdk/workplace/micharu123-py4a/python3-alpha/thirdparty/include -I/home/river/android-sdk/workplace/micharu123-py4a/python3-alpha/thirdparty/include/ncurses  -L/home/river/android-sdk/workplace/micharu123-py4a/python3-alpha/thirdparty/lib  conftest.c  >&5
configure:5565: $? = 0
configure:5587: result: yes
configure:5502: checking for getpwuid
configure:5558: arm-linux-androideabi-gcc -o conftest -I/home/river/android-sdk/workplace/micharu123-py4a/python3-alpha/thirdparty/include -I/home/river/android-sdk/workplace/micharu123-py4a/python3-alpha/thirdparty/include/ncurses  -L/home/river/android-sdk/workplace/micharu123-py4a/python3-alpha/thirdparty/lib  conftest.c  >&5
configure:5565: $? = 0
configure:5587: result: yes
configure:5600: checking for working strcoll
configure:5662: result: no
configure:5703: checking fcntl.h usability
configure:5720: arm-linux-androideabi-gcc -c -I/home/river/android-sdk/workplace/micharu123-py4a/python3-alpha/thirdparty/include -I/home/river/android-sdk/workplace/micharu123-py4a/python3-alpha/thirdparty/include/ncurses  conftest.c >&5
configure:5727: $? = 0
configure:5741: result: yes
configure:5745: checking fcntl.h presence
configure:5760: arm-linux-androideabi-gcc -E  conftest.c
configure:5767: $? = 0
configure:5781: result: yes
configure:5814: checking for fcntl.h
configure:5823: result: yes
configure:5692: checking for unistd.h
configure:5699: result: yes
configure:5692: checking for stdlib.h
configure:5699: result: yes
configure:5703: checking varargs.h usability
configure:5720: arm-linux-androideabi-gcc -c -I/home/river/android-sdk/workplace/micharu123-py4a/python3-alpha/thirdparty/include -I/home/river/android-sdk/workplace/micharu123-py4a/python3-alpha/thirdparty/include/ncurses  conftest.c >&5
In file included from conftest.c:79:0:
/home/river/android-sdk/android-toolchain/lib/gcc/arm-linux-androideabi/4.8/include/varargs.h:4:2: error: #error "GCC no longer implements <varargs.h>."
 #error "GCC no longer implements <varargs.h>."
  ^
/home/river/android-sdk/android-toolchain/lib/gcc/arm-linux-androideabi/4.8/include/varargs.h:5:2: error: #error "Revise your code to use <stdarg.h>."
 #error "Revise your code to use <stdarg.h>."
  ^
configure:5727: $? = 1
configure: failed program was:
| /* confdefs.h.  */
| #define PACKAGE_NAME "readline"
| #define PACKAGE_TARNAME "readline"
| #define PACKAGE_VERSION "6.2"
| #define PACKAGE_STRING "readline 6.2"
| #define PACKAGE_BUGREPORT "bug-readline@gnu.org"
| #define STDC_HEADERS 1
| #define HAVE_SYS_TYPES_H 1
| #define HAVE_SYS_STAT_H 1
| #define HAVE_STDLIB_H 1
| #define HAVE_STRING_H 1
| #define HAVE_MEMORY_H 1
| #define HAVE_STRINGS_H 1
| #define HAVE_INTTYPES_H 1
| #define HAVE_STDINT_H 1
| #define HAVE_UNISTD_H 1
| #define __EXTENSIONS__ 1
| #define _ALL_SOURCE 1
| #define _GNU_SOURCE 1
| #define _POSIX_PTHREAD_SEMANTICS 1
| #define _TANDEM_SOURCE 1
| #define PROTOTYPES 1
| #define __PROTOTYPES 1
| #define RETSIGTYPE void
| #define STDC_HEADERS 1
| #define HAVE_DIRENT_H 1
| #define HAVE_FCNTL 1
| #define HAVE_KILL 1
| #define HAVE_LSTAT 1
| #define HAVE_MEMMOVE 1
| #define HAVE_PUTENV 1
| #define HAVE_SELECT 1
| #define HAVE_SETENV 1
| #define HAVE_SETLOCALE 1
| #define HAVE_STRCASECMP 1
| #define HAVE_STRPBRK 1
| #define HAVE_VSNPRINTF 1
| #define HAVE_ISASCII 1
| #define HAVE_ISXDIGIT 1
| #define HAVE_GETPWNAM 1
| #define HAVE_GETPWUID 1
| #define HAVE_FCNTL_H 1
| #define HAVE_UNISTD_H 1
| #define HAVE_STDLIB_H 1
| /* end confdefs.h.  */
| #include <stdio.h>
| #ifdef HAVE_SYS_TYPES_H
| # include <sys/types.h>
| #endif
| #ifdef HAVE_SYS_STAT_H
| # include <sys/stat.h>
| #endif
| #ifdef STDC_HEADERS
| # include <stdlib.h>
| # include <stddef.h>
| #else
| # ifdef HAVE_STDLIB_H
| #  include <stdlib.h>
| # endif
| #endif
| #ifdef HAVE_STRING_H
| # if !defined STDC_HEADERS && defined HAVE_MEMORY_H
| #  include <memory.h>
| # endif
| # include <string.h>
| #endif
| #ifdef HAVE_STRINGS_H
| # include <strings.h>
| #endif
| #ifdef HAVE_INTTYPES_H
| # include <inttypes.h>
| #endif
| #ifdef HAVE_STDINT_H
| # include <stdint.h>
| #endif
| #ifdef HAVE_UNISTD_H
| # include <unistd.h>
| #endif
| #include <varargs.h>
configure:5741: result: no
configure:5745: checking varargs.h presence
configure:5760: arm-linux-androideabi-gcc -E  conftest.c
In file included from conftest.c:46:0:
/home/river/android-sdk/android-toolchain/lib/gcc/arm-linux-androideabi/4.8/include/varargs.h:4:2: error: #error "GCC no longer implements <varargs.h>."
 #error "GCC no longer implements <varargs.h>."
  ^
/home/river/android-sdk/android-toolchain/lib/gcc/arm-linux-androideabi/4.8/include/varargs.h:5:2: error: #error "Revise your code to use <stdarg.h>."
 #error "Revise your code to use <stdarg.h>."
  ^
configure:5767: $? = 1
configure: failed program was:
| /* confdefs.h.  */
| #define PACKAGE_NAME "readline"
| #define PACKAGE_TARNAME "readline"
| #define PACKAGE_VERSION "6.2"
| #define PACKAGE_STRING "readline 6.2"
| #define PACKAGE_BUGREPORT "bug-readline@gnu.org"
| #define STDC_HEADERS 1
| #define HAVE_SYS_TYPES_H 1
| #define HAVE_SYS_STAT_H 1
| #define HAVE_STDLIB_H 1
| #define HAVE_STRING_H 1
| #define HAVE_MEMORY_H 1
| #define HAVE_STRINGS_H 1
| #define HAVE_INTTYPES_H 1
| #define HAVE_STDINT_H 1
| #define HAVE_UNISTD_H 1
| #define __EXTENSIONS__ 1
| #define _ALL_SOURCE 1
| #define _GNU_SOURCE 1
| #define _POSIX_PTHREAD_SEMANTICS 1
| #define _TANDEM_SOURCE 1
| #define PROTOTYPES 1
| #define __PROTOTYPES 1
| #define RETSIGTYPE void
| #define STDC_HEADERS 1
| #define HAVE_DIRENT_H 1
| #define HAVE_FCNTL 1
| #define HAVE_KILL 1
| #define HAVE_LSTAT 1
| #define HAVE_MEMMOVE 1
| #define HAVE_PUTENV 1
| #define HAVE_SELECT 1
| #define HAVE_SETENV 1
| #define HAVE_SETLOCALE 1
| #define HAVE_STRCASECMP 1
| #define HAVE_STRPBRK 1
| #define HAVE_VSNPRINTF 1
| #define HAVE_ISASCII 1
| #define HAVE_ISXDIGIT 1
| #define HAVE_GETPWNAM 1
| #define HAVE_GETPWUID 1
| #define HAVE_FCNTL_H 1
| #define HAVE_UNISTD_H 1
| #define HAVE_STDLIB_H 1
| /* end confdefs.h.  */
| #include <varargs.h>
configure:5781: result: no
configure:5814: checking for varargs.h
configure:5823: result: no
configure:5703: checking stdarg.h usability
configure:5720: arm-linux-androideabi-gcc -c -I/home/river/android-sdk/workplace/micharu123-py4a/python3-alpha/thirdparty/include -I/home/river/android-sdk/workplace/micharu123-py4a/python3-alpha/thirdparty/include/ncurses  conftest.c >&5
configure:5727: $? = 0
configure:5741: result: yes
configure:5745: checking stdarg.h presence
configure:5760: arm-linux-androideabi-gcc -E  conftest.c
configure:5767: $? = 0
configure:5781: result: yes
configure:5814: checking for stdarg.h
configure:5823: result: yes
configure:5692: checking for string.h
configure:5699: result: yes
configure:5692: checking for strings.h
configure:5699: result: yes
configure:5703: checking limits.h usability
configure:5720: arm-linux-androideabi-gcc -c -I/home/river/android-sdk/workplace/micharu123-py4a/python3-alpha/thirdparty/include -I/home/river/android-sdk/workplace/micharu123-py4a/python3-alpha/thirdparty/include/ncurses  conftest.c >&5
configure:5727: $? = 0
configure:5741: result: yes
configure:5745: checking limits.h presence
configure:5760: arm-linux-androideabi-gcc -E  conftest.c
configure:5767: $? = 0
configure:5781: result: yes
configure:5814: checking for limits.h
configure:5823: result: yes
configure:5703: checking locale.h usability
configure:5720: arm-linux-androideabi-gcc -c -I/home/river/android-sdk/workplace/micharu123-py4a/python3-alpha/thirdparty/include -I/home/river/android-sdk/workplace/micharu123-py4a/python3-alpha/thirdparty/include/ncurses  conftest.c >&5
configure:5727: $? = 0
configure:5741: result: yes
configure:5745: checking locale.h presence
configure:5760: arm-linux-androideabi-gcc -E  conftest.c
configure:5767: $? = 0
configure:5781: result: yes
configure:5814: checking for locale.h
configure:5823: result: yes
configure:5703: checking pwd.h usability
configure:5720: arm-linux-androideabi-gcc -c -I/home/river/android-sdk/workplace/micharu123-py4a/python3-alpha/thirdparty/include -I/home/river/android-sdk/workplace/micharu123-py4a/python3-alpha/thirdparty/include/ncurses  conftest.c >&5
configure:5727: $? = 0
configure:5741: result: yes
configure:5745: checking pwd.h presence
configure:5760: arm-linux-androideabi-gcc -E  conftest.c
configure:5767: $? = 0
configure:5781: result: yes
configure:5814: checking for pwd.h
configure:5823: result: yes
configure:5692: checking for memory.h
configure:5699: result: yes
configure:5703: checking termcap.h usability
configure:5720: arm-linux-androideabi-gcc -c -I/home/river/android-sdk/workplace/micharu123-py4a/python3-alpha/thirdparty/include -I/home/river/android-sdk/workplace/micharu123-py4a/python3-alpha/thirdparty/include/ncurses  conftest.c >&5
configure:5727: $? = 0
configure:5741: result: yes
configure:5745: checking termcap.h presence
configure:5760: arm-linux-androideabi-gcc -E  conftest.c
conftest.c:53:21: fatal error: termcap.h: No such file or directory
 #include <termcap.h>
                     ^
compilation terminated.
configure:5767: $? = 1
configure: failed program was:
| /* confdefs.h.  */
| #define PACKAGE_NAME "readline"
| #define PACKAGE_TARNAME "readline"
| #define PACKAGE_VERSION "6.2"
| #define PACKAGE_STRING "readline 6.2"
| #define PACKAGE_BUGREPORT "bug-readline@gnu.org"
| #define STDC_HEADERS 1
| #define HAVE_SYS_TYPES_H 1
| #define HAVE_SYS_STAT_H 1
| #define HAVE_STDLIB_H 1
| #define HAVE_STRING_H 1
| #define HAVE_MEMORY_H 1
| #define HAVE_STRINGS_H 1
| #define HAVE_INTTYPES_H 1
| #define HAVE_STDINT_H 1
| #define HAVE_UNISTD_H 1
| #define __EXTENSIONS__ 1
| #define _ALL_SOURCE 1
| #define _GNU_SOURCE 1
| #define _POSIX_PTHREAD_SEMANTICS 1
| #define _TANDEM_SOURCE 1
| #define PROTOTYPES 1
| #define __PROTOTYPES 1
| #define RETSIGTYPE void
| #define STDC_HEADERS 1
| #define HAVE_DIRENT_H 1
| #define HAVE_FCNTL 1
| #define HAVE_KILL 1
| #define HAVE_LSTAT 1
| #define HAVE_MEMMOVE 1
| #define HAVE_PUTENV 1
| #define HAVE_SELECT 1
| #define HAVE_SETENV 1
| #define HAVE_SETLOCALE 1
| #define HAVE_STRCASECMP 1
| #define HAVE_STRPBRK 1
| #define HAVE_VSNPRINTF 1
| #define HAVE_ISASCII 1
| #define HAVE_ISXDIGIT 1
| #define HAVE_GETPWNAM 1
| #define HAVE_GETPWUID 1
| #define HAVE_FCNTL_H 1
| #define HAVE_UNISTD_H 1
| #define HAVE_STDLIB_H 1
| #define HAVE_STDARG_H 1
| #define HAVE_STRING_H 1
| #define HAVE_STRINGS_H 1
| #define HAVE_LIMITS_H 1
| #define HAVE_LOCALE_H 1
| #define HAVE_PWD_H 1
| #define HAVE_MEMORY_H 1
| /* end confdefs.h.  */
| #include <termcap.h>
configure:5781: result: no
configure:5787: WARNING: termcap.h: accepted by the compiler, rejected by the preprocessor!
configure:5789: WARNING: termcap.h: proceeding with the compiler's result
configure:5814: checking for termcap.h
configure:5823: result: yes
configure:5703: checking termios.h usability
configure:5720: arm-linux-androideabi-gcc -c -I/home/river/android-sdk/workplace/micharu123-py4a/python3-alpha/thirdparty/include -I/home/river/android-sdk/workplace/micharu123-py4a/python3-alpha/thirdparty/include/ncurses  conftest.c >&5
configure:5727: $? = 0
configure:5741: result: yes
configure:5745: checking termios.h presence
configure:5760: arm-linux-androideabi-gcc -E  conftest.c
configure:5767: $? = 0
configure:5781: result: yes
configure:5814: checking for termios.h
configure:5823: result: yes
configure:5703: checking termio.h usability
configure:5720: arm-linux-androideabi-gcc -c -I/home/river/android-sdk/workplace/micharu123-py4a/python3-alpha/thirdparty/include -I/home/river/android-sdk/workplace/micharu123-py4a/python3-alpha/thirdparty/include/ncurses  conftest.c >&5
configure:5727: $? = 0
configure:5741: result: yes
configure:5745: checking termio.h presence
configure:5760: arm-linux-androideabi-gcc -E  conftest.c
configure:5767: $? = 0
configure:5781: result: yes
configure:5814: checking for termio.h
configure:5823: result: yes
configure:5857: checking sys/pte.h usability
configure:5874: arm-linux-androideabi-gcc -c -I/home/river/android-sdk/workplace/micharu123-py4a/python3-alpha/thirdparty/include -I/home/river/android-sdk/workplace/micharu123-py4a/python3-alpha/thirdparty/include/ncurses  conftest.c >&5
conftest.c:89:21: fatal error: sys/pte.h: No such file or directory
 #include <sys/pte.h>
                     ^
compilation terminated.
configure:5881: $? = 1
configure: failed program was:
| /* confdefs.h.  */
| #define PACKAGE_NAME "readline"
| #define PACKAGE_TARNAME "readline"
| #define PACKAGE_VERSION "6.2"
| #define PACKAGE_STRING "readline 6.2"
| #define PACKAGE_BUGREPORT "bug-readline@gnu.org"
| #define STDC_HEADERS 1
| #define HAVE_SYS_TYPES_H 1
| #define HAVE_SYS_STAT_H 1
| #define HAVE_STDLIB_H 1
| #define HAVE_STRING_H 1
| #define HAVE_MEMORY_H 1
| #define HAVE_STRINGS_H 1
| #define HAVE_INTTYPES_H 1
| #define HAVE_STDINT_H 1
| #define HAVE_UNISTD_H 1
| #define __EXTENSIONS__ 1
| #define _ALL_SOURCE 1
| #define _GNU_SOURCE 1
| #define _POSIX_PTHREAD_SEMANTICS 1
| #define _TANDEM_SOURCE 1
| #define PROTOTYPES 1
| #define __PROTOTYPES 1
| #define RETSIGTYPE void
| #define STDC_HEADERS 1
| #define HAVE_DIRENT_H 1
| #define HAVE_FCNTL 1
| #define HAVE_KILL 1
| #define HAVE_LSTAT 1
| #define HAVE_MEMMOVE 1
| #define HAVE_PUTENV 1
| #define HAVE_SELECT 1
| #define HAVE_SETENV 1
| #define HAVE_SETLOCALE 1
| #define HAVE_STRCASECMP 1
| #define HAVE_STRPBRK 1
| #define HAVE_VSNPRINTF 1
| #define HAVE_ISASCII 1
| #define HAVE_ISXDIGIT 1
| #define HAVE_GETPWNAM 1
| #define HAVE_GETPWUID 1
| #define HAVE_FCNTL_H 1
| #define HAVE_UNISTD_H 1
| #define HAVE_STDLIB_H 1
| #define HAVE_STDARG_H 1
| #define HAVE_STRING_H 1
| #define HAVE_STRINGS_H 1
| #define HAVE_LIMITS_H 1
| #define HAVE_LOCALE_H 1
| #define HAVE_PWD_H 1
| #define HAVE_MEMORY_H 1
| #define HAVE_TERMCAP_H 1
| #define HAVE_TERMIOS_H 1
| #define HAVE_TERMIO_H 1
| /* end confdefs.h.  */
| #include <stdio.h>
| #ifdef HAVE_SYS_TYPES_H
| # include <sys/types.h>
| #endif
| #ifdef HAVE_SYS_STAT_H
| # include <sys/stat.h>
| #endif
| #ifdef STDC_HEADERS
| # include <stdlib.h>
| # include <stddef.h>
| #else
| # ifdef HAVE_STDLIB_H
| #  include <stdlib.h>
| # endif
| #endif
| #ifdef HAVE_STRING_H
| # if !defined STDC_HEADERS && defined HAVE_MEMORY_H
| #  include <memory.h>
| # endif
| # include <string.h>
| #endif
| #ifdef HAVE_STRINGS_H
| # include <strings.h>
| #endif
| #ifdef HAVE_INTTYPES_H
| # include <inttypes.h>
| #endif
| #ifdef HAVE_STDINT_H
| # include <stdint.h>
| #endif
| #ifdef HAVE_UNISTD_H
| # include <unistd.h>
| #endif
| #include <sys/pte.h>
configure:5895: result: no
configure:5899: checking sys/pte.h presence
configure:5914: arm-linux-androideabi-gcc -E  conftest.c
conftest.c:56:21: fatal error: sys/pte.h: No such file or directory
 #include <sys/pte.h>
                     ^
compilation terminated.
configure:5921: $? = 1
configure: failed program was:
| /* confdefs.h.  */
| #define PACKAGE_NAME "readline"
| #define PACKAGE_TARNAME "readline"
| #define PACKAGE_VERSION "6.2"
| #define PACKAGE_STRING "readline 6.2"
| #define PACKAGE_BUGREPORT "bug-readline@gnu.org"
| #define STDC_HEADERS 1
| #define HAVE_SYS_TYPES_H 1
| #define HAVE_SYS_STAT_H 1
| #define HAVE_STDLIB_H 1
| #define HAVE_STRING_H 1
| #define HAVE_MEMORY_H 1
| #define HAVE_STRINGS_H 1
| #define HAVE_INTTYPES_H 1
| #define HAVE_STDINT_H 1
| #define HAVE_UNISTD_H 1
| #define __EXTENSIONS__ 1
| #define _ALL_SOURCE 1
| #define _GNU_SOURCE 1
| #define _POSIX_PTHREAD_SEMANTICS 1
| #define _TANDEM_SOURCE 1
| #define PROTOTYPES 1
| #define __PROTOTYPES 1
| #define RETSIGTYPE void
| #define STDC_HEADERS 1
| #define HAVE_DIRENT_H 1
| #define HAVE_FCNTL 1
| #define HAVE_KILL 1
| #define HAVE_LSTAT 1
| #define HAVE_MEMMOVE 1
| #define HAVE_PUTENV 1
| #define HAVE_SELECT 1
| #define HAVE_SETENV 1
| #define HAVE_SETLOCALE 1
| #define HAVE_STRCASECMP 1
| #define HAVE_STRPBRK 1
| #define HAVE_VSNPRINTF 1
| #define HAVE_ISASCII 1
| #define HAVE_ISXDIGIT 1
| #define HAVE_GETPWNAM 1
| #define HAVE_GETPWUID 1
| #define HAVE_FCNTL_H 1
| #define HAVE_UNISTD_H 1
| #define HAVE_STDLIB_H 1
| #define HAVE_STDARG_H 1
| #define HAVE_STRING_H 1
| #define HAVE_STRINGS_H 1
| #define HAVE_LIMITS_H 1
| #define HAVE_LOCALE_H 1
| #define HAVE_PWD_H 1
| #define HAVE_MEMORY_H 1
| #define HAVE_TERMCAP_H 1
| #define HAVE_TERMIOS_H 1
| #define HAVE_TERMIO_H 1
| /* end confdefs.h.  */
| #include <sys/pte.h>
configure:5935: result: no
configure:5968: checking for sys/pte.h
configure:5977: result: no
configure:5857: checking sys/stream.h usability
configure:5874: arm-linux-androideabi-gcc -c -I/home/river/android-sdk/workplace/micharu123-py4a/python3-alpha/thirdparty/include -I/home/river/android-sdk/workplace/micharu123-py4a/python3-alpha/thirdparty/include/ncurses  conftest.c >&5
conftest.c:89:24: fatal error: sys/stream.h: No such file or directory
 #include <sys/stream.h>
                        ^
compilation terminated.
configure:5881: $? = 1
configure: failed program was:
| /* confdefs.h.  */
| #define PACKAGE_NAME "readline"
| #define PACKAGE_TARNAME "readline"
| #define PACKAGE_VERSION "6.2"
| #define PACKAGE_STRING "readline 6.2"
| #define PACKAGE_BUGREPORT "bug-readline@gnu.org"
| #define STDC_HEADERS 1
| #define HAVE_SYS_TYPES_H 1
| #define HAVE_SYS_STAT_H 1
| #define HAVE_STDLIB_H 1
| #define HAVE_STRING_H 1
| #define HAVE_MEMORY_H 1
| #define HAVE_STRINGS_H 1
| #define HAVE_INTTYPES_H 1
| #define HAVE_STDINT_H 1
| #define HAVE_UNISTD_H 1
| #define __EXTENSIONS__ 1
| #define _ALL_SOURCE 1
| #define _GNU_SOURCE 1
| #define _POSIX_PTHREAD_SEMANTICS 1
| #define _TANDEM_SOURCE 1
| #define PROTOTYPES 1
| #define __PROTOTYPES 1
| #define RETSIGTYPE void
| #define STDC_HEADERS 1
| #define HAVE_DIRENT_H 1
| #define HAVE_FCNTL 1
| #define HAVE_KILL 1
| #define HAVE_LSTAT 1
| #define HAVE_MEMMOVE 1
| #define HAVE_PUTENV 1
| #define HAVE_SELECT 1
| #define HAVE_SETENV 1
| #define HAVE_SETLOCALE 1
| #define HAVE_STRCASECMP 1
| #define HAVE_STRPBRK 1
| #define HAVE_VSNPRINTF 1
| #define HAVE_ISASCII 1
| #define HAVE_ISXDIGIT 1
| #define HAVE_GETPWNAM 1
| #define HAVE_GETPWUID 1
| #define HAVE_FCNTL_H 1
| #define HAVE_UNISTD_H 1
| #define HAVE_STDLIB_H 1
| #define HAVE_STDARG_H 1
| #define HAVE_STRING_H 1
| #define HAVE_STRINGS_H 1
| #define HAVE_LIMITS_H 1
| #define HAVE_LOCALE_H 1
| #define HAVE_PWD_H 1
| #define HAVE_MEMORY_H 1
| #define HAVE_TERMCAP_H 1
| #define HAVE_TERMIOS_H 1
| #define HAVE_TERMIO_H 1
| /* end confdefs.h.  */
| #include <stdio.h>
| #ifdef HAVE_SYS_TYPES_H
| # include <sys/types.h>
| #endif
| #ifdef HAVE_SYS_STAT_H
| # include <sys/stat.h>
| #endif
| #ifdef STDC_HEADERS
| # include <stdlib.h>
| # include <stddef.h>
| #else
| # ifdef HAVE_STDLIB_H
| #  include <stdlib.h>
| # endif
| #endif
| #ifdef HAVE_STRING_H
| # if !defined STDC_HEADERS && defined HAVE_MEMORY_H
| #  include <memory.h>
| # endif
| # include <string.h>
| #endif
| #ifdef HAVE_STRINGS_H
| # include <strings.h>
| #endif
| #ifdef HAVE_INTTYPES_H
| # include <inttypes.h>
| #endif
| #ifdef HAVE_STDINT_H
| # include <stdint.h>
| #endif
| #ifdef HAVE_UNISTD_H
| # include <unistd.h>
| #endif
| #include <sys/stream.h>
configure:5895: result: no
configure:5899: checking sys/stream.h presence
configure:5914: arm-linux-androideabi-gcc -E  conftest.c
conftest.c:56:24: fatal error: sys/stream.h: No such file or directory
 #include <sys/stream.h>
                        ^
compilation terminated.
configure:5921: $? = 1
configure: failed program was:
| /* confdefs.h.  */
| #define PACKAGE_NAME "readline"
| #define PACKAGE_TARNAME "readline"
| #define PACKAGE_VERSION "6.2"
| #define PACKAGE_STRING "readline 6.2"
| #define PACKAGE_BUGREPORT "bug-readline@gnu.org"
| #define STDC_HEADERS 1
| #define HAVE_SYS_TYPES_H 1
| #define HAVE_SYS_STAT_H 1
| #define HAVE_STDLIB_H 1
| #define HAVE_STRING_H 1
| #define HAVE_MEMORY_H 1
| #define HAVE_STRINGS_H 1
| #define HAVE_INTTYPES_H 1
| #define HAVE_STDINT_H 1
| #define HAVE_UNISTD_H 1
| #define __EXTENSIONS__ 1
| #define _ALL_SOURCE 1
| #define _GNU_SOURCE 1
| #define _POSIX_PTHREAD_SEMANTICS 1
| #define _TANDEM_SOURCE 1
| #define PROTOTYPES 1
| #define __PROTOTYPES 1
| #define RETSIGTYPE void
| #define STDC_HEADERS 1
| #define HAVE_DIRENT_H 1
| #define HAVE_FCNTL 1
| #define HAVE_KILL 1
| #define HAVE_LSTAT 1
| #define HAVE_MEMMOVE 1
| #define HAVE_PUTENV 1
| #define HAVE_SELECT 1
| #define HAVE_SETENV 1
| #define HAVE_SETLOCALE 1
| #define HAVE_STRCASECMP 1
| #define HAVE_STRPBRK 1
| #define HAVE_VSNPRINTF 1
| #define HAVE_ISASCII 1
| #define HAVE_ISXDIGIT 1
| #define HAVE_GETPWNAM 1
| #define HAVE_GETPWUID 1
| #define HAVE_FCNTL_H 1
| #define HAVE_UNISTD_H 1
| #define HAVE_STDLIB_H 1
| #define HAVE_STDARG_H 1
| #define HAVE_STRING_H 1
| #define HAVE_STRINGS_H 1
| #define HAVE_LIMITS_H 1
| #define HAVE_LOCALE_H 1
| #define HAVE_PWD_H 1
| #define HAVE_MEMORY_H 1
| #define HAVE_TERMCAP_H 1
| #define HAVE_TERMIOS_H 1
| #define HAVE_TERMIO_H 1
| /* end confdefs.h.  */
| #include <sys/stream.h>
configure:5935: result: no
configure:5968: checking for sys/stream.h
configure:5977: result: no
configure:5857: checking sys/select.h usability
configure:5874: arm-linux-androideabi-gcc -c -I/home/river/android-sdk/workplace/micharu123-py4a/python3-alpha/thirdparty/include -I/home/river/android-sdk/workplace/micharu123-py4a/python3-alpha/thirdparty/include/ncurses  conftest.c >&5
configure:5881: $? = 0
configure:5895: result: yes
configure:5899: checking sys/select.h presence
configure:5914: arm-linux-androideabi-gcc -E  conftest.c
configure:5921: $? = 0
configure:5935: result: yes
configure:5968: checking for sys/select.h
configure:5977: result: yes
configure:5857: checking sys/file.h usability
configure:5874: arm-linux-androideabi-gcc -c -I/home/river/android-sdk/workplace/micharu123-py4a/python3-alpha/thirdparty/include -I/home/river/android-sdk/workplace/micharu123-py4a/python3-alpha/thirdparty/include/ncurses  conftest.c >&5
configure:5881: $? = 0
configure:5895: result: yes
configure:5899: checking sys/file.h presence
configure:5914: arm-linux-androideabi-gcc -E  conftest.c
configure:5921: $? = 0
configure:5935: result: yes
configure:5968: checking for sys/file.h
configure:5977: result: yes
configure:5997: checking for sys/ptem.h
configure:6022: arm-linux-androideabi-gcc -c -I/home/river/android-sdk/workplace/micharu123-py4a/python3-alpha/thirdparty/include -I/home/river/android-sdk/workplace/micharu123-py4a/python3-alpha/thirdparty/include/ncurses  conftest.c >&5
conftest.c:64:22: fatal error: sys/ptem.h: No such file or directory
 #include <sys/ptem.h>
                      ^
compilation terminated.
configure:6029: $? = 1
configure: failed program was:
| /* confdefs.h.  */
| #define PACKAGE_NAME "readline"
| #define PACKAGE_TARNAME "readline"
| #define PACKAGE_VERSION "6.2"
| #define PACKAGE_STRING "readline 6.2"
| #define PACKAGE_BUGREPORT "bug-readline@gnu.org"
| #define STDC_HEADERS 1
| #define HAVE_SYS_TYPES_H 1
| #define HAVE_SYS_STAT_H 1
| #define HAVE_STDLIB_H 1
| #define HAVE_STRING_H 1
| #define HAVE_MEMORY_H 1
| #define HAVE_STRINGS_H 1
| #define HAVE_INTTYPES_H 1
| #define HAVE_STDINT_H 1
| #define HAVE_UNISTD_H 1
| #define __EXTENSIONS__ 1
| #define _ALL_SOURCE 1
| #define _GNU_SOURCE 1
| #define _POSIX_PTHREAD_SEMANTICS 1
| #define _TANDEM_SOURCE 1
| #define PROTOTYPES 1
| #define __PROTOTYPES 1
| #define RETSIGTYPE void
| #define STDC_HEADERS 1
| #define HAVE_DIRENT_H 1
| #define HAVE_FCNTL 1
| #define HAVE_KILL 1
| #define HAVE_LSTAT 1
| #define HAVE_MEMMOVE 1
| #define HAVE_PUTENV 1
| #define HAVE_SELECT 1
| #define HAVE_SETENV 1
| #define HAVE_SETLOCALE 1
| #define HAVE_STRCASECMP 1
| #define HAVE_STRPBRK 1
| #define HAVE_VSNPRINTF 1
| #define HAVE_ISASCII 1
| #define HAVE_ISXDIGIT 1
| #define HAVE_GETPWNAM 1
| #define HAVE_GETPWUID 1
| #define HAVE_FCNTL_H 1
| #define HAVE_UNISTD_H 1
| #define HAVE_STDLIB_H 1
| #define HAVE_STDARG_H 1
| #define HAVE_STRING_H 1
| #define HAVE_STRINGS_H 1
| #define HAVE_LIMITS_H 1
| #define HAVE_LOCALE_H 1
| #define HAVE_PWD_H 1
| #define HAVE_MEMORY_H 1
| #define HAVE_TERMCAP_H 1
| #define HAVE_TERMIOS_H 1
| #define HAVE_TERMIO_H 1
| #define HAVE_SYS_SELECT_H 1
| #define HAVE_SYS_FILE_H 1
| /* end confdefs.h.  */
| 
| #if HAVE_SYS_STREAM_H
| #  include <sys/stream.h>
| #endif
| 
| 
| #include <sys/ptem.h>
configure:6046: result: no
configure:6067: checking for special C compiler options needed for large files
configure:6162: result: no
configure:6168: checking for _FILE_OFFSET_BITS value needed for large files
configure:6203: arm-linux-androideabi-gcc -c -I/home/river/android-sdk/workplace/micharu123-py4a/python3-alpha/thirdparty/include -I/home/river/android-sdk/workplace/micharu123-py4a/python3-alpha/thirdparty/include/ncurses  conftest.c >&5
conftest.c:64:3: warning: left shift count >= width of type [enabled by default]
   int off_t_is_large[(LARGE_OFF_T % 2147483629 == 721
   ^
conftest.c:64:3: warning: left shift count >= width of type [enabled by default]
conftest.c:65:10: warning: left shift count >= width of type [enabled by default]
          && LARGE_OFF_T % 2147483647 == 1)
          ^
conftest.c:65:10: warning: left shift count >= width of type [enabled by default]
conftest.c:64:7: error: variably modified 'off_t_is_large' at file scope
   int off_t_is_large[(LARGE_OFF_T % 2147483629 == 721
       ^
configure:6210: $? = 1
configure: failed program was:
| /* confdefs.h.  */
| #define PACKAGE_NAME "readline"
| #define PACKAGE_TARNAME "readline"
| #define PACKAGE_VERSION "6.2"
| #define PACKAGE_STRING "readline 6.2"
| #define PACKAGE_BUGREPORT "bug-readline@gnu.org"
| #define STDC_HEADERS 1
| #define HAVE_SYS_TYPES_H 1
| #define HAVE_SYS_STAT_H 1
| #define HAVE_STDLIB_H 1
| #define HAVE_STRING_H 1
| #define HAVE_MEMORY_H 1
| #define HAVE_STRINGS_H 1
| #define HAVE_INTTYPES_H 1
| #define HAVE_STDINT_H 1
| #define HAVE_UNISTD_H 1
| #define __EXTENSIONS__ 1
| #define _ALL_SOURCE 1
| #define _GNU_SOURCE 1
| #define _POSIX_PTHREAD_SEMANTICS 1
| #define _TANDEM_SOURCE 1
| #define PROTOTYPES 1
| #define __PROTOTYPES 1
| #define RETSIGTYPE void
| #define STDC_HEADERS 1
| #define HAVE_DIRENT_H 1
| #define HAVE_FCNTL 1
| #define HAVE_KILL 1
| #define HAVE_LSTAT 1
| #define HAVE_MEMMOVE 1
| #define HAVE_PUTENV 1
| #define HAVE_SELECT 1
| #define HAVE_SETENV 1
| #define HAVE_SETLOCALE 1
| #define HAVE_STRCASECMP 1
| #define HAVE_STRPBRK 1
| #define HAVE_VSNPRINTF 1
| #define HAVE_ISASCII 1
| #define HAVE_ISXDIGIT 1
| #define HAVE_GETPWNAM 1
| #define HAVE_GETPWUID 1
| #define HAVE_FCNTL_H 1
| #define HAVE_UNISTD_H 1
| #define HAVE_STDLIB_H 1
| #define HAVE_STDARG_H 1
| #define HAVE_STRING_H 1
| #define HAVE_STRINGS_H 1
| #define HAVE_LIMITS_H 1
| #define HAVE_LOCALE_H 1
| #define HAVE_PWD_H 1
| #define HAVE_MEMORY_H 1
| #define HAVE_TERMCAP_H 1
| #define HAVE_TERMIOS_H 1
| #define HAVE_TERMIO_H 1
| #define HAVE_SYS_SELECT_H 1
| #define HAVE_SYS_FILE_H 1
| /* end confdefs.h.  */
| #include <sys/types.h>
|  /* Check that off_t can represent 2**63 - 1 correctly.
|     We can't simply define LARGE_OFF_T to be 9223372036854775807,
|     since some C++ compilers masquerading as C compilers
|     incorrectly reject 9223372036854775807.  */
| #define LARGE_OFF_T (((off_t) 1 << 62) - 1 + ((off_t) 1 << 62))
|   int off_t_is_large[(LARGE_OFF_T % 2147483629 == 721
| 		       && LARGE_OFF_T % 2147483647 == 1)
| 		      ? 1 : -1];
| int
| main ()
| {
| 
|   ;
|   return 0;
| }
configure:6254: arm-linux-androideabi-gcc -c -I/home/river/android-sdk/workplace/micharu123-py4a/python3-alpha/thirdparty/include -I/home/river/android-sdk/workplace/micharu123-py4a/python3-alpha/thirdparty/include/ncurses  conftest.c >&5
conftest.c:65:3: warning: left shift count >= width of type [enabled by default]
   int off_t_is_large[(LARGE_OFF_T % 2147483629 == 721
   ^
conftest.c:65:3: warning: left shift count >= width of type [enabled by default]
conftest.c:66:10: warning: left shift count >= width of type [enabled by default]
          && LARGE_OFF_T % 2147483647 == 1)
          ^
conftest.c:66:10: warning: left shift count >= width of type [enabled by default]
conftest.c:65:7: error: variably modified 'off_t_is_large' at file scope
   int off_t_is_large[(LARGE_OFF_T % 2147483629 == 721
       ^
configure:6261: $? = 1
configure: failed program was:
| /* confdefs.h.  */
| #define PACKAGE_NAME "readline"
| #define PACKAGE_TARNAME "readline"
| #define PACKAGE_VERSION "6.2"
| #define PACKAGE_STRING "readline 6.2"
| #define PACKAGE_BUGREPORT "bug-readline@gnu.org"
| #define STDC_HEADERS 1
| #define HAVE_SYS_TYPES_H 1
| #define HAVE_SYS_STAT_H 1
| #define HAVE_STDLIB_H 1
| #define HAVE_STRING_H 1
| #define HAVE_MEMORY_H 1
| #define HAVE_STRINGS_H 1
| #define HAVE_INTTYPES_H 1
| #define HAVE_STDINT_H 1
| #define HAVE_UNISTD_H 1
| #define __EXTENSIONS__ 1
| #define _ALL_SOURCE 1
| #define _GNU_SOURCE 1
| #define _POSIX_PTHREAD_SEMANTICS 1
| #define _TANDEM_SOURCE 1
| #define PROTOTYPES 1
| #define __PROTOTYPES 1
| #define RETSIGTYPE void
| #define STDC_HEADERS 1
| #define HAVE_DIRENT_H 1
| #define HAVE_FCNTL 1
| #define HAVE_KILL 1
| #define HAVE_LSTAT 1
| #define HAVE_MEMMOVE 1
| #define HAVE_PUTENV 1
| #define HAVE_SELECT 1
| #define HAVE_SETENV 1
| #define HAVE_SETLOCALE 1
| #define HAVE_STRCASECMP 1
| #define HAVE_STRPBRK 1
| #define HAVE_VSNPRINTF 1
| #define HAVE_ISASCII 1
| #define HAVE_ISXDIGIT 1
| #define HAVE_GETPWNAM 1
| #define HAVE_GETPWUID 1
| #define HAVE_FCNTL_H 1
| #define HAVE_UNISTD_H 1
| #define HAVE_STDLIB_H 1
| #define HAVE_STDARG_H 1
| #define HAVE_STRING_H 1
| #define HAVE_STRINGS_H 1
| #define HAVE_LIMITS_H 1
| #define HAVE_LOCALE_H 1
| #define HAVE_PWD_H 1
| #define HAVE_MEMORY_H 1
| #define HAVE_TERMCAP_H 1
| #define HAVE_TERMIOS_H 1
| #define HAVE_TERMIO_H 1
| #define HAVE_SYS_SELECT_H 1
| #define HAVE_SYS_FILE_H 1
| /* end confdefs.h.  */
| #define _FILE_OFFSET_BITS 64
| #include <sys/types.h>
|  /* Check that off_t can represent 2**63 - 1 correctly.
|     We can't simply define LARGE_OFF_T to be 9223372036854775807,
|     since some C++ compilers masquerading as C compilers
|     incorrectly reject 9223372036854775807.  */
| #define LARGE_OFF_T (((off_t) 1 << 62) - 1 + ((off_t) 1 << 62))
|   int off_t_is_large[(LARGE_OFF_T % 2147483629 == 721
| 		       && LARGE_OFF_T % 2147483647 == 1)
| 		      ? 1 : -1];
| int
| main ()
| {
| 
|   ;
|   return 0;
| }
configure:6279: result: unknown
configure:6291: checking for _LARGE_FILES value needed for large files
configure:6326: arm-linux-androideabi-gcc -c -I/home/river/android-sdk/workplace/micharu123-py4a/python3-alpha/thirdparty/include -I/home/river/android-sdk/workplace/micharu123-py4a/python3-alpha/thirdparty/include/ncurses  conftest.c >&5
conftest.c:64:3: warning: left shift count >= width of type [enabled by default]
   int off_t_is_large[(LARGE_OFF_T % 2147483629 == 721
   ^
conftest.c:64:3: warning: left shift count >= width of type [enabled by default]
conftest.c:65:10: warning: left shift count >= width of type [enabled by default]
          && LARGE_OFF_T % 2147483647 == 1)
          ^
conftest.c:65:10: warning: left shift count >= width of type [enabled by default]
conftest.c:64:7: error: variably modified 'off_t_is_large' at file scope
   int off_t_is_large[(LARGE_OFF_T % 2147483629 == 721
       ^
configure:6333: $? = 1
configure: failed program was:
| /* confdefs.h.  */
| #define PACKAGE_NAME "readline"
| #define PACKAGE_TARNAME "readline"
| #define PACKAGE_VERSION "6.2"
| #define PACKAGE_STRING "readline 6.2"
| #define PACKAGE_BUGREPORT "bug-readline@gnu.org"
| #define STDC_HEADERS 1
| #define HAVE_SYS_TYPES_H 1
| #define HAVE_SYS_STAT_H 1
| #define HAVE_STDLIB_H 1
| #define HAVE_STRING_H 1
| #define HAVE_MEMORY_H 1
| #define HAVE_STRINGS_H 1
| #define HAVE_INTTYPES_H 1
| #define HAVE_STDINT_H 1
| #define HAVE_UNISTD_H 1
| #define __EXTENSIONS__ 1
| #define _ALL_SOURCE 1
| #define _GNU_SOURCE 1
| #define _POSIX_PTHREAD_SEMANTICS 1
| #define _TANDEM_SOURCE 1
| #define PROTOTYPES 1
| #define __PROTOTYPES 1
| #define RETSIGTYPE void
| #define STDC_HEADERS 1
| #define HAVE_DIRENT_H 1
| #define HAVE_FCNTL 1
| #define HAVE_KILL 1
| #define HAVE_LSTAT 1
| #define HAVE_MEMMOVE 1
| #define HAVE_PUTENV 1
| #define HAVE_SELECT 1
| #define HAVE_SETENV 1
| #define HAVE_SETLOCALE 1
| #define HAVE_STRCASECMP 1
| #define HAVE_STRPBRK 1
| #define HAVE_VSNPRINTF 1
| #define HAVE_ISASCII 1
| #define HAVE_ISXDIGIT 1
| #define HAVE_GETPWNAM 1
| #define HAVE_GETPWUID 1
| #define HAVE_FCNTL_H 1
| #define HAVE_UNISTD_H 1
| #define HAVE_STDLIB_H 1
| #define HAVE_STDARG_H 1
| #define HAVE_STRING_H 1
| #define HAVE_STRINGS_H 1
| #define HAVE_LIMITS_H 1
| #define HAVE_LOCALE_H 1
| #define HAVE_PWD_H 1
| #define HAVE_MEMORY_H 1
| #define HAVE_TERMCAP_H 1
| #define HAVE_TERMIOS_H 1
| #define HAVE_TERMIO_H 1
| #define HAVE_SYS_SELECT_H 1
| #define HAVE_SYS_FILE_H 1
| /* end confdefs.h.  */
| #include <sys/types.h>
|  /* Check that off_t can represent 2**63 - 1 correctly.
|     We can't simply define LARGE_OFF_T to be 9223372036854775807,
|     since some C++ compilers masquerading as C compilers
|     incorrectly reject 9223372036854775807.  */
| #define LARGE_OFF_T (((off_t) 1 << 62) - 1 + ((off_t) 1 << 62))
|   int off_t_is_large[(LARGE_OFF_T % 2147483629 == 721
| 		       && LARGE_OFF_T % 2147483647 == 1)
| 		      ? 1 : -1];
| int
| main ()
| {
| 
|   ;
|   return 0;
| }
configure:6377: arm-linux-androideabi-gcc -c -I/home/river/android-sdk/workplace/micharu123-py4a/python3-alpha/thirdparty/include -I/home/river/android-sdk/workplace/micharu123-py4a/python3-alpha/thirdparty/include/ncurses  conftest.c >&5
conftest.c:65:3: warning: left shift count >= width of type [enabled by default]
   int off_t_is_large[(LARGE_OFF_T % 2147483629 == 721
   ^
conftest.c:65:3: warning: left shift count >= width of type [enabled by default]
conftest.c:66:10: warning: left shift count >= width of type [enabled by default]
          && LARGE_OFF_T % 2147483647 == 1)
          ^
conftest.c:66:10: warning: left shift count >= width of type [enabled by default]
conftest.c:65:7: error: variably modified 'off_t_is_large' at file scope
   int off_t_is_large[(LARGE_OFF_T % 2147483629 == 721
       ^
configure:6384: $? = 1
configure: failed program was:
| /* confdefs.h.  */
| #define PACKAGE_NAME "readline"
| #define PACKAGE_TARNAME "readline"
| #define PACKAGE_VERSION "6.2"
| #define PACKAGE_STRING "readline 6.2"
| #define PACKAGE_BUGREPORT "bug-readline@gnu.org"
| #define STDC_HEADERS 1
| #define HAVE_SYS_TYPES_H 1
| #define HAVE_SYS_STAT_H 1
| #define HAVE_STDLIB_H 1
| #define HAVE_STRING_H 1
| #define HAVE_MEMORY_H 1
| #define HAVE_STRINGS_H 1
| #define HAVE_INTTYPES_H 1
| #define HAVE_STDINT_H 1
| #define HAVE_UNISTD_H 1
| #define __EXTENSIONS__ 1
| #define _ALL_SOURCE 1
| #define _GNU_SOURCE 1
| #define _POSIX_PTHREAD_SEMANTICS 1
| #define _TANDEM_SOURCE 1
| #define PROTOTYPES 1
| #define __PROTOTYPES 1
| #define RETSIGTYPE void
| #define STDC_HEADERS 1
| #define HAVE_DIRENT_H 1
| #define HAVE_FCNTL 1
| #define HAVE_KILL 1
| #define HAVE_LSTAT 1
| #define HAVE_MEMMOVE 1
| #define HAVE_PUTENV 1
| #define HAVE_SELECT 1
| #define HAVE_SETENV 1
| #define HAVE_SETLOCALE 1
| #define HAVE_STRCASECMP 1
| #define HAVE_STRPBRK 1
| #define HAVE_VSNPRINTF 1
| #define HAVE_ISASCII 1
| #define HAVE_ISXDIGIT 1
| #define HAVE_GETPWNAM 1
| #define HAVE_GETPWUID 1
| #define HAVE_FCNTL_H 1
| #define HAVE_UNISTD_H 1
| #define HAVE_STDLIB_H 1
| #define HAVE_STDARG_H 1
| #define HAVE_STRING_H 1
| #define HAVE_STRINGS_H 1
| #define HAVE_LIMITS_H 1
| #define HAVE_LOCALE_H 1
| #define HAVE_PWD_H 1
| #define HAVE_MEMORY_H 1
| #define HAVE_TERMCAP_H 1
| #define HAVE_TERMIOS_H 1
| #define HAVE_TERMIO_H 1
| #define HAVE_SYS_SELECT_H 1
| #define HAVE_SYS_FILE_H 1
| /* end confdefs.h.  */
| #define _LARGE_FILES 1
| #include <sys/types.h>
|  /* Check that off_t can represent 2**63 - 1 correctly.
|     We can't simply define LARGE_OFF_T to be 9223372036854775807,
|     since some C++ compilers masquerading as C compilers
|     incorrectly reject 9223372036854775807.  */
| #define LARGE_OFF_T (((off_t) 1 << 62) - 1 + ((off_t) 1 << 62))
|   int off_t_is_large[(LARGE_OFF_T % 2147483629 == 721
| 		       && LARGE_OFF_T % 2147483647 == 1)
| 		      ? 1 : -1];
| int
| main ()
| {
| 
|   ;
|   return 0;
| }
configure:6402: result: unknown
configure:6418: checking for type of signal functions
configure:6451: arm-linux-androideabi-gcc -o conftest -I/home/river/android-sdk/workplace/micharu123-py4a/python3-alpha/thirdparty/include -I/home/river/android-sdk/workplace/micharu123-py4a/python3-alpha/thirdparty/include/ncurses  -L/home/river/android-sdk/workplace/micharu123-py4a/python3-alpha/thirdparty/lib  conftest.c  >&5
configure:6458: $? = 0
configure:6586: result: posix
configure:6607: checking if signal handlers must be reinstalled when invoked
configure:6613: WARNING: cannot check signal handling if cross compiling -- defaulting to no
configure:6707: result: no
configure:6718: checking for presence of POSIX-style sigsetjmp/siglongjmp
configure:6724: WARNING: cannot check for sigsetjmp/siglongjmp if cross-compiling -- defaulting to missing
configure:6812: result: missing
configure:6821: checking for lstat
configure:6850: arm-linux-androideabi-gcc -o conftest -I/home/river/android-sdk/workplace/micharu123-py4a/python3-alpha/thirdparty/include -I/home/river/android-sdk/workplace/micharu123-py4a/python3-alpha/thirdparty/include/ncurses  -L/home/river/android-sdk/workplace/micharu123-py4a/python3-alpha/thirdparty/lib  conftest.c  >&5
configure:6857: $? = 0
configure:6877: result: yes
configure:6887: checking whether or not strcoll and strcmp differ
configure:6893: WARNING: cannot check strcoll if cross compiling -- defaulting to no
configure:6979: result: no
configure:6989: checking whether the ctype macros accept non-ascii characters
configure:6995: WARNING: cannot check ctype macros if cross compiling -- defaulting to no
configure:7076: result: no
configure:7086: checking whether getpw functions are declared in pwd.h
configure:7115: result: yes
configure:7125: checking whether termios.h defines TIOCGWINSZ
configure:7152: result: yes
configure:7196: checking for sig_atomic_t in signal.h
configure:7224: arm-linux-androideabi-gcc -o conftest -I/home/river/android-sdk/workplace/micharu123-py4a/python3-alpha/thirdparty/include -I/home/river/android-sdk/workplace/micharu123-py4a/python3-alpha/thirdparty/include/ncurses  -L/home/river/android-sdk/workplace/micharu123-py4a/python3-alpha/thirdparty/lib  conftest.c  >&5
configure:7231: $? = 0
configure:7251: result: yes
configure:7361: checking whether signal handlers are of type void
configure:7395: arm-linux-androideabi-gcc -c -I/home/river/android-sdk/workplace/micharu123-py4a/python3-alpha/thirdparty/include -I/home/river/android-sdk/workplace/micharu123-py4a/python3-alpha/thirdparty/include/ncurses  conftest.c >&5
configure:7402: $? = 0
configure:7417: result: yes
configure:7427: checking for TIOCSTAT in sys/ioctl.h
configure:7454: arm-linux-androideabi-gcc -c -I/home/river/android-sdk/workplace/micharu123-py4a/python3-alpha/thirdparty/include -I/home/river/android-sdk/workplace/micharu123-py4a/python3-alpha/thirdparty/include/ncurses  conftest.c >&5
conftest.c: In function 'main':
conftest.c:67:9: error: 'TIOCSTAT' undeclared (first use in this function)
 int x = TIOCSTAT;
         ^
conftest.c:67:9: note: each undeclared identifier is reported only once for each function it appears in
configure:7461: $? = 1
configure: failed program was:
| /* confdefs.h.  */
| #define PACKAGE_NAME "readline"
| #define PACKAGE_TARNAME "readline"
| #define PACKAGE_VERSION "6.2"
| #define PACKAGE_STRING "readline 6.2"
| #define PACKAGE_BUGREPORT "bug-readline@gnu.org"
| #define STDC_HEADERS 1
| #define HAVE_SYS_TYPES_H 1
| #define HAVE_SYS_STAT_H 1
| #define HAVE_STDLIB_H 1
| #define HAVE_STRING_H 1
| #define HAVE_MEMORY_H 1
| #define HAVE_STRINGS_H 1
| #define HAVE_INTTYPES_H 1
| #define HAVE_STDINT_H 1
| #define HAVE_UNISTD_H 1
| #define __EXTENSIONS__ 1
| #define _ALL_SOURCE 1
| #define _GNU_SOURCE 1
| #define _POSIX_PTHREAD_SEMANTICS 1
| #define _TANDEM_SOURCE 1
| #define PROTOTYPES 1
| #define __PROTOTYPES 1
| #define RETSIGTYPE void
| #define STDC_HEADERS 1
| #define HAVE_DIRENT_H 1
| #define HAVE_FCNTL 1
| #define HAVE_KILL 1
| #define HAVE_LSTAT 1
| #define HAVE_MEMMOVE 1
| #define HAVE_PUTENV 1
| #define HAVE_SELECT 1
| #define HAVE_SETENV 1
| #define HAVE_SETLOCALE 1
| #define HAVE_STRCASECMP 1
| #define HAVE_STRPBRK 1
| #define HAVE_VSNPRINTF 1
| #define HAVE_ISASCII 1
| #define HAVE_ISXDIGIT 1
| #define HAVE_GETPWNAM 1
| #define HAVE_GETPWUID 1
| #define HAVE_FCNTL_H 1
| #define HAVE_UNISTD_H 1
| #define HAVE_STDLIB_H 1
| #define HAVE_STDARG_H 1
| #define HAVE_STRING_H 1
| #define HAVE_STRINGS_H 1
| #define HAVE_LIMITS_H 1
| #define HAVE_LOCALE_H 1
| #define HAVE_PWD_H 1
| #define HAVE_MEMORY_H 1
| #define HAVE_TERMCAP_H 1
| #define HAVE_TERMIOS_H 1
| #define HAVE_TERMIO_H 1
| #define HAVE_SYS_SELECT_H 1
| #define HAVE_SYS_FILE_H 1
| #define HAVE_POSIX_SIGNALS 1
| #define HAVE_LSTAT 1
| #define HAVE_GETPW_DECLS 1
| #define VOID_SIGHANDLER 1
| /* end confdefs.h.  */
| #include <sys/types.h>
| #include <sys/ioctl.h>
| int
| main ()
| {
| int x = TIOCSTAT;
|   ;
|   return 0;
| }
configure:7477: result: no
configure:7486: checking for FIONREAD in sys/ioctl.h
configure:7513: arm-linux-androideabi-gcc -c -I/home/river/android-sdk/workplace/micharu123-py4a/python3-alpha/thirdparty/include -I/home/river/android-sdk/workplace/micharu123-py4a/python3-alpha/thirdparty/include/ncurses  conftest.c >&5
configure:7520: $? = 0
configure:7536: result: yes
configure:7545: checking for speed_t in sys/types.h
configure:7571: arm-linux-androideabi-gcc -c -I/home/river/android-sdk/workplace/micharu123-py4a/python3-alpha/thirdparty/include -I/home/river/android-sdk/workplace/micharu123-py4a/python3-alpha/thirdparty/include/ncurses  conftest.c >&5
conftest.c: In function 'main':
conftest.c:67:1: error: unknown type name 'speed_t'
 speed_t x;
 ^
configure:7578: $? = 1
configure: failed program was:
| /* confdefs.h.  */
| #define PACKAGE_NAME "readline"
| #define PACKAGE_TARNAME "readline"
| #define PACKAGE_VERSION "6.2"
| #define PACKAGE_STRING "readline 6.2"
| #define PACKAGE_BUGREPORT "bug-readline@gnu.org"
| #define STDC_HEADERS 1
| #define HAVE_SYS_TYPES_H 1
| #define HAVE_SYS_STAT_H 1
| #define HAVE_STDLIB_H 1
| #define HAVE_STRING_H 1
| #define HAVE_MEMORY_H 1
| #define HAVE_STRINGS_H 1
| #define HAVE_INTTYPES_H 1
| #define HAVE_STDINT_H 1
| #define HAVE_UNISTD_H 1
| #define __EXTENSIONS__ 1
| #define _ALL_SOURCE 1
| #define _GNU_SOURCE 1
| #define _POSIX_PTHREAD_SEMANTICS 1
| #define _TANDEM_SOURCE 1
| #define PROTOTYPES 1
| #define __PROTOTYPES 1
| #define RETSIGTYPE void
| #define STDC_HEADERS 1
| #define HAVE_DIRENT_H 1
| #define HAVE_FCNTL 1
| #define HAVE_KILL 1
| #define HAVE_LSTAT 1
| #define HAVE_MEMMOVE 1
| #define HAVE_PUTENV 1
| #define HAVE_SELECT 1
| #define HAVE_SETENV 1
| #define HAVE_SETLOCALE 1
| #define HAVE_STRCASECMP 1
| #define HAVE_STRPBRK 1
| #define HAVE_VSNPRINTF 1
| #define HAVE_ISASCII 1
| #define HAVE_ISXDIGIT 1
| #define HAVE_GETPWNAM 1
| #define HAVE_GETPWUID 1
| #define HAVE_FCNTL_H 1
| #define HAVE_UNISTD_H 1
| #define HAVE_STDLIB_H 1
| #define HAVE_STDARG_H 1
| #define HAVE_STRING_H 1
| #define HAVE_STRINGS_H 1
| #define HAVE_LIMITS_H 1
| #define HAVE_LOCALE_H 1
| #define HAVE_PWD_H 1
| #define HAVE_MEMORY_H 1
| #define HAVE_TERMCAP_H 1
| #define HAVE_TERMIOS_H 1
| #define HAVE_TERMIO_H 1
| #define HAVE_SYS_SELECT_H 1
| #define HAVE_SYS_FILE_H 1
| #define HAVE_POSIX_SIGNALS 1
| #define HAVE_LSTAT 1
| #define HAVE_GETPW_DECLS 1
| #define VOID_SIGHANDLER 1
| #define FIONREAD_IN_SYS_IOCTL 1
| /* end confdefs.h.  */
| #include <sys/types.h>
| int
| main ()
| {
| speed_t x;
|   ;
|   return 0;
| }
configure:7594: result: no
configure:7603: checking for struct winsize in sys/ioctl.h and termios.h
configure:7630: arm-linux-androideabi-gcc -c -I/home/river/android-sdk/workplace/micharu123-py4a/python3-alpha/thirdparty/include -I/home/river/android-sdk/workplace/micharu123-py4a/python3-alpha/thirdparty/include/ncurses  conftest.c >&5
conftest.c: In function 'main':
conftest.c:68:16: error: storage size of 'x' isn't known
 struct winsize x;
                ^
configure:7637: $? = 1
configure: failed program was:
| /* confdefs.h.  */
| #define PACKAGE_NAME "readline"
| #define PACKAGE_TARNAME "readline"
| #define PACKAGE_VERSION "6.2"
| #define PACKAGE_STRING "readline 6.2"
| #define PACKAGE_BUGREPORT "bug-readline@gnu.org"
| #define STDC_HEADERS 1
| #define HAVE_SYS_TYPES_H 1
| #define HAVE_SYS_STAT_H 1
| #define HAVE_STDLIB_H 1
| #define HAVE_STRING_H 1
| #define HAVE_MEMORY_H 1
| #define HAVE_STRINGS_H 1
| #define HAVE_INTTYPES_H 1
| #define HAVE_STDINT_H 1
| #define HAVE_UNISTD_H 1
| #define __EXTENSIONS__ 1
| #define _ALL_SOURCE 1
| #define _GNU_SOURCE 1
| #define _POSIX_PTHREAD_SEMANTICS 1
| #define _TANDEM_SOURCE 1
| #define PROTOTYPES 1
| #define __PROTOTYPES 1
| #define RETSIGTYPE void
| #define STDC_HEADERS 1
| #define HAVE_DIRENT_H 1
| #define HAVE_FCNTL 1
| #define HAVE_KILL 1
| #define HAVE_LSTAT 1
| #define HAVE_MEMMOVE 1
| #define HAVE_PUTENV 1
| #define HAVE_SELECT 1
| #define HAVE_SETENV 1
| #define HAVE_SETLOCALE 1
| #define HAVE_STRCASECMP 1
| #define HAVE_STRPBRK 1
| #define HAVE_VSNPRINTF 1
| #define HAVE_ISASCII 1
| #define HAVE_ISXDIGIT 1
| #define HAVE_GETPWNAM 1
| #define HAVE_GETPWUID 1
| #define HAVE_FCNTL_H 1
| #define HAVE_UNISTD_H 1
| #define HAVE_STDLIB_H 1
| #define HAVE_STDARG_H 1
| #define HAVE_STRING_H 1
| #define HAVE_STRINGS_H 1
| #define HAVE_LIMITS_H 1
| #define HAVE_LOCALE_H 1
| #define HAVE_PWD_H 1
| #define HAVE_MEMORY_H 1
| #define HAVE_TERMCAP_H 1
| #define HAVE_TERMIOS_H 1
| #define HAVE_TERMIO_H 1
| #define HAVE_SYS_SELECT_H 1
| #define HAVE_SYS_FILE_H 1
| #define HAVE_POSIX_SIGNALS 1
| #define HAVE_LSTAT 1
| #define HAVE_GETPW_DECLS 1
| #define VOID_SIGHANDLER 1
| #define FIONREAD_IN_SYS_IOCTL 1
| /* end confdefs.h.  */
| #include <sys/types.h>
| #include <sys/ioctl.h>
| int
| main ()
| {
| struct winsize x;
|   ;
|   return 0;
| }
configure:7669: arm-linux-androideabi-gcc -c -I/home/river/android-sdk/workplace/micharu123-py4a/python3-alpha/thirdparty/include -I/home/river/android-sdk/workplace/micharu123-py4a/python3-alpha/thirdparty/include/ncurses  conftest.c >&5
configure:7676: $? = 0
configure:7704: result: termios.h
configure:7716: checking for struct dirent.d_ino
configure:7764: arm-linux-androideabi-gcc -c -I/home/river/android-sdk/workplace/micharu123-py4a/python3-alpha/thirdparty/include -I/home/river/android-sdk/workplace/micharu123-py4a/python3-alpha/thirdparty/include/ncurses  conftest.c >&5
configure:7771: $? = 0
configure:7787: result: yes
configure:7797: checking for struct dirent.d_fileno
configure:7845: arm-linux-androideabi-gcc -c -I/home/river/android-sdk/workplace/micharu123-py4a/python3-alpha/thirdparty/include -I/home/river/android-sdk/workplace/micharu123-py4a/python3-alpha/thirdparty/include/ncurses  conftest.c >&5
conftest.c: In function 'main':
conftest.c:90:30: error: 'struct dirent' has no member named 'd_fileno'
 struct dirent d; int z; z = d.d_fileno;
                              ^
configure:7852: $? = 1
configure: failed program was:
| /* confdefs.h.  */
| #define PACKAGE_NAME "readline"
| #define PACKAGE_TARNAME "readline"
| #define PACKAGE_VERSION "6.2"
| #define PACKAGE_STRING "readline 6.2"
| #define PACKAGE_BUGREPORT "bug-readline@gnu.org"
| #define STDC_HEADERS 1
| #define HAVE_SYS_TYPES_H 1
| #define HAVE_SYS_STAT_H 1
| #define HAVE_STDLIB_H 1
| #define HAVE_STRING_H 1
| #define HAVE_MEMORY_H 1
| #define HAVE_STRINGS_H 1
| #define HAVE_INTTYPES_H 1
| #define HAVE_STDINT_H 1
| #define HAVE_UNISTD_H 1
| #define __EXTENSIONS__ 1
| #define _ALL_SOURCE 1
| #define _GNU_SOURCE 1
| #define _POSIX_PTHREAD_SEMANTICS 1
| #define _TANDEM_SOURCE 1
| #define PROTOTYPES 1
| #define __PROTOTYPES 1
| #define RETSIGTYPE void
| #define STDC_HEADERS 1
| #define HAVE_DIRENT_H 1
| #define HAVE_FCNTL 1
| #define HAVE_KILL 1
| #define HAVE_LSTAT 1
| #define HAVE_MEMMOVE 1
| #define HAVE_PUTENV 1
| #define HAVE_SELECT 1
| #define HAVE_SETENV 1
| #define HAVE_SETLOCALE 1
| #define HAVE_STRCASECMP 1
| #define HAVE_STRPBRK 1
| #define HAVE_VSNPRINTF 1
| #define HAVE_ISASCII 1
| #define HAVE_ISXDIGIT 1
| #define HAVE_GETPWNAM 1
| #define HAVE_GETPWUID 1
| #define HAVE_FCNTL_H 1
| #define HAVE_UNISTD_H 1
| #define HAVE_STDLIB_H 1
| #define HAVE_STDARG_H 1
| #define HAVE_STRING_H 1
| #define HAVE_STRINGS_H 1
| #define HAVE_LIMITS_H 1
| #define HAVE_LOCALE_H 1
| #define HAVE_PWD_H 1
| #define HAVE_MEMORY_H 1
| #define HAVE_TERMCAP_H 1
| #define HAVE_TERMIOS_H 1
| #define HAVE_TERMIO_H 1
| #define HAVE_SYS_SELECT_H 1
| #define HAVE_SYS_FILE_H 1
| #define HAVE_POSIX_SIGNALS 1
| #define HAVE_LSTAT 1
| #define HAVE_GETPW_DECLS 1
| #define VOID_SIGHANDLER 1
| #define FIONREAD_IN_SYS_IOCTL 1
| #define STRUCT_WINSIZE_IN_TERMIOS 1
| #define HAVE_STRUCT_DIRENT_D_INO 1
| /* end confdefs.h.  */
| 
| #include <stdio.h>
| #include <sys/types.h>
| #ifdef HAVE_UNISTD_H
| # include <unistd.h>
| #endif /* HAVE_UNISTD_H */
| #if defined(HAVE_DIRENT_H)
| # include <dirent.h>
| #else
| # define dirent direct
| # ifdef HAVE_SYS_NDIR_H
| #  include <sys/ndir.h>
| # endif /* SYSNDIR */
| # ifdef HAVE_SYS_DIR_H
| #  include <sys/dir.h>
| # endif /* SYSDIR */
| # ifdef HAVE_NDIR_H
| #  include <ndir.h>
| # endif
| #endif /* HAVE_DIRENT_H */
| 
| int
| main ()
| {
| 
| struct dirent d; int z; z = d.d_fileno;
| 
|   ;
|   return 0;
| }
configure:7868: result: no
configure:7892: checking for tgetent
configure:7948: arm-linux-androideabi-gcc -o conftest -I/home/river/android-sdk/workplace/micharu123-py4a/python3-alpha/thirdparty/include -I/home/river/android-sdk/workplace/micharu123-py4a/python3-alpha/thirdparty/include/ncurses  -L/home/river/android-sdk/workplace/micharu123-py4a/python3-alpha/thirdparty/lib  conftest.c  >&5
/tmp/cceA1GsZ.o:conftest.c:function main: error: undefined reference to 'tgetent'
collect2: error: ld returned 1 exit status
configure:7955: $? = 1
configure: failed program was:
| /* confdefs.h.  */
| #define PACKAGE_NAME "readline"
| #define PACKAGE_TARNAME "readline"
| #define PACKAGE_VERSION "6.2"
| #define PACKAGE_STRING "readline 6.2"
| #define PACKAGE_BUGREPORT "bug-readline@gnu.org"
| #define STDC_HEADERS 1
| #define HAVE_SYS_TYPES_H 1
| #define HAVE_SYS_STAT_H 1
| #define HAVE_STDLIB_H 1
| #define HAVE_STRING_H 1
| #define HAVE_MEMORY_H 1
| #define HAVE_STRINGS_H 1
| #define HAVE_INTTYPES_H 1
| #define HAVE_STDINT_H 1
| #define HAVE_UNISTD_H 1
| #define __EXTENSIONS__ 1
| #define _ALL_SOURCE 1
| #define _GNU_SOURCE 1
| #define _POSIX_PTHREAD_SEMANTICS 1
| #define _TANDEM_SOURCE 1
| #define PROTOTYPES 1
| #define __PROTOTYPES 1
| #define RETSIGTYPE void
| #define STDC_HEADERS 1
| #define HAVE_DIRENT_H 1
| #define HAVE_FCNTL 1
| #define HAVE_KILL 1
| #define HAVE_LSTAT 1
| #define HAVE_MEMMOVE 1
| #define HAVE_PUTENV 1
| #define HAVE_SELECT 1
| #define HAVE_SETENV 1
| #define HAVE_SETLOCALE 1
| #define HAVE_STRCASECMP 1
| #define HAVE_STRPBRK 1
| #define HAVE_VSNPRINTF 1
| #define HAVE_ISASCII 1
| #define HAVE_ISXDIGIT 1
| #define HAVE_GETPWNAM 1
| #define HAVE_GETPWUID 1
| #define HAVE_FCNTL_H 1
| #define HAVE_UNISTD_H 1
| #define HAVE_STDLIB_H 1
| #define HAVE_STDARG_H 1
| #define HAVE_STRING_H 1
| #define HAVE_STRINGS_H 1
| #define HAVE_LIMITS_H 1
| #define HAVE_LOCALE_H 1
| #define HAVE_PWD_H 1
| #define HAVE_MEMORY_H 1
| #define HAVE_TERMCAP_H 1
| #define HAVE_TERMIOS_H 1
| #define HAVE_TERMIO_H 1
| #define HAVE_SYS_SELECT_H 1
| #define HAVE_SYS_FILE_H 1
| #define HAVE_POSIX_SIGNALS 1
| #define HAVE_LSTAT 1
| #define HAVE_GETPW_DECLS 1
| #define VOID_SIGHANDLER 1
| #define FIONREAD_IN_SYS_IOCTL 1
| #define STRUCT_WINSIZE_IN_TERMIOS 1
| #define HAVE_STRUCT_DIRENT_D_INO 1
| /* end confdefs.h.  */
| /* Define tgetent to an innocuous variant, in case <limits.h> declares tgetent.
|    For example, HP-UX 11i <limits.h> declares gettimeofday.  */
| #define tgetent innocuous_tgetent
| 
| /* System header to define __stub macros and hopefully few prototypes,
|     which can conflict with char tgetent (); below.
|     Prefer <limits.h> to <assert.h> if __STDC__ is defined, since
|     <limits.h> exists even on freestanding compilers.  */
| 
| #ifdef __STDC__
| # include <limits.h>
| #else
| # include <assert.h>
| #endif
| 
| #undef tgetent
| 
| /* Override any GCC internal prototype to avoid an error.
|    Use char because int might match the return type of a GCC
|    builtin and then its argument prototype would still apply.  */
| #ifdef __cplusplus
| extern "C"
| #endif
| char tgetent ();
| /* The GNU C library defines this for functions which it implements
|     to always fail with ENOSYS.  Some functions are actually named
|     something starting with __ and the normal name is an alias.  */
| #if defined __stub_tgetent || defined __stub___tgetent
| choke me
| #endif
| 
| int
| main ()
| {
| return tgetent ();
|   ;
|   return 0;
| }
configure:7975: result: no
configure:7980: checking for tgetent in -ltermcap
configure:8015: arm-linux-androideabi-gcc -o conftest -I/home/river/android-sdk/workplace/micharu123-py4a/python3-alpha/thirdparty/include -I/home/river/android-sdk/workplace/micharu123-py4a/python3-alpha/thirdparty/include/ncurses  -L/home/river/android-sdk/workplace/micharu123-py4a/python3-alpha/thirdparty/lib  conftest.c -ltermcap   >&5
/home/river/android-sdk/android-toolchain/bin/../lib/gcc/arm-linux-androideabi/4.8/../../../../arm-linux-androideabi/bin/ld: error: cannot find -ltermcap
/tmp/ccErra06.o:conftest.c:function main: error: undefined reference to 'tgetent'
collect2: error: ld returned 1 exit status
configure:8022: $? = 1
configure: failed program was:
| /* confdefs.h.  */
| #define PACKAGE_NAME "readline"
| #define PACKAGE_TARNAME "readline"
| #define PACKAGE_VERSION "6.2"
| #define PACKAGE_STRING "readline 6.2"
| #define PACKAGE_BUGREPORT "bug-readline@gnu.org"
| #define STDC_HEADERS 1
| #define HAVE_SYS_TYPES_H 1
| #define HAVE_SYS_STAT_H 1
| #define HAVE_STDLIB_H 1
| #define HAVE_STRING_H 1
| #define HAVE_MEMORY_H 1
| #define HAVE_STRINGS_H 1
| #define HAVE_INTTYPES_H 1
| #define HAVE_STDINT_H 1
| #define HAVE_UNISTD_H 1
| #define __EXTENSIONS__ 1
| #define _ALL_SOURCE 1
| #define _GNU_SOURCE 1
| #define _POSIX_PTHREAD_SEMANTICS 1
| #define _TANDEM_SOURCE 1
| #define PROTOTYPES 1
| #define __PROTOTYPES 1
| #define RETSIGTYPE void
| #define STDC_HEADERS 1
| #define HAVE_DIRENT_H 1
| #define HAVE_FCNTL 1
| #define HAVE_KILL 1
| #define HAVE_LSTAT 1
| #define HAVE_MEMMOVE 1
| #define HAVE_PUTENV 1
| #define HAVE_SELECT 1
| #define HAVE_SETENV 1
| #define HAVE_SETLOCALE 1
| #define HAVE_STRCASECMP 1
| #define HAVE_STRPBRK 1
| #define HAVE_VSNPRINTF 1
| #define HAVE_ISASCII 1
| #define HAVE_ISXDIGIT 1
| #define HAVE_GETPWNAM 1
| #define HAVE_GETPWUID 1
| #define HAVE_FCNTL_H 1
| #define HAVE_UNISTD_H 1
| #define HAVE_STDLIB_H 1
| #define HAVE_STDARG_H 1
| #define HAVE_STRING_H 1
| #define HAVE_STRINGS_H 1
| #define HAVE_LIMITS_H 1
| #define HAVE_LOCALE_H 1
| #define HAVE_PWD_H 1
| #define HAVE_MEMORY_H 1
| #define HAVE_TERMCAP_H 1
| #define HAVE_TERMIOS_H 1
| #define HAVE_TERMIO_H 1
| #define HAVE_SYS_SELECT_H 1
| #define HAVE_SYS_FILE_H 1
| #define HAVE_POSIX_SIGNALS 1
| #define HAVE_LSTAT 1
| #define HAVE_GETPW_DECLS 1
| #define VOID_SIGHANDLER 1
| #define FIONREAD_IN_SYS_IOCTL 1
| #define STRUCT_WINSIZE_IN_TERMIOS 1
| #define HAVE_STRUCT_DIRENT_D_INO 1
| /* end confdefs.h.  */
| 
| /* Override any GCC internal prototype to avoid an error.
|    Use char because int might match the return type of a GCC
|    builtin and then its argument prototype would still apply.  */
| #ifdef __cplusplus
| extern "C"
| #endif
| char tgetent ();
| int
| main ()
| {
| return tgetent ();
|   ;
|   return 0;
| }
configure:8043: result: no
configure:8048: checking for tgetent in -ltinfo
configure:8083: arm-linux-androideabi-gcc -o conftest -I/home/river/android-sdk/workplace/micharu123-py4a/python3-alpha/thirdparty/include -I/home/river/android-sdk/workplace/micharu123-py4a/python3-alpha/thirdparty/include/ncurses  -L/home/river/android-sdk/workplace/micharu123-py4a/python3-alpha/thirdparty/lib  conftest.c -ltinfo   >&5
/home/river/android-sdk/android-toolchain/bin/../lib/gcc/arm-linux-androideabi/4.8/../../../../arm-linux-androideabi/bin/ld: error: cannot find -ltinfo
/tmp/ccqmNPjg.o:conftest.c:function main: error: undefined reference to 'tgetent'
collect2: error: ld returned 1 exit status
configure:8090: $? = 1
configure: failed program was:
| /* confdefs.h.  */
| #define PACKAGE_NAME "readline"
| #define PACKAGE_TARNAME "readline"
| #define PACKAGE_VERSION "6.2"
| #define PACKAGE_STRING "readline 6.2"
| #define PACKAGE_BUGREPORT "bug-readline@gnu.org"
| #define STDC_HEADERS 1
| #define HAVE_SYS_TYPES_H 1
| #define HAVE_SYS_STAT_H 1
| #define HAVE_STDLIB_H 1
| #define HAVE_STRING_H 1
| #define HAVE_MEMORY_H 1
| #define HAVE_STRINGS_H 1
| #define HAVE_INTTYPES_H 1
| #define HAVE_STDINT_H 1
| #define HAVE_UNISTD_H 1
| #define __EXTENSIONS__ 1
| #define _ALL_SOURCE 1
| #define _GNU_SOURCE 1
| #define _POSIX_PTHREAD_SEMANTICS 1
| #define _TANDEM_SOURCE 1
| #define PROTOTYPES 1
| #define __PROTOTYPES 1
| #define RETSIGTYPE void
| #define STDC_HEADERS 1
| #define HAVE_DIRENT_H 1
| #define HAVE_FCNTL 1
| #define HAVE_KILL 1
| #define HAVE_LSTAT 1
| #define HAVE_MEMMOVE 1
| #define HAVE_PUTENV 1
| #define HAVE_SELECT 1
| #define HAVE_SETENV 1
| #define HAVE_SETLOCALE 1
| #define HAVE_STRCASECMP 1
| #define HAVE_STRPBRK 1
| #define HAVE_VSNPRINTF 1
| #define HAVE_ISASCII 1
| #define HAVE_ISXDIGIT 1
| #define HAVE_GETPWNAM 1
| #define HAVE_GETPWUID 1
| #define HAVE_FCNTL_H 1
| #define HAVE_UNISTD_H 1
| #define HAVE_STDLIB_H 1
| #define HAVE_STDARG_H 1
| #define HAVE_STRING_H 1
| #define HAVE_STRINGS_H 1
| #define HAVE_LIMITS_H 1
| #define HAVE_LOCALE_H 1
| #define HAVE_PWD_H 1
| #define HAVE_MEMORY_H 1
| #define HAVE_TERMCAP_H 1
| #define HAVE_TERMIOS_H 1
| #define HAVE_TERMIO_H 1
| #define HAVE_SYS_SELECT_H 1
| #define HAVE_SYS_FILE_H 1
| #define HAVE_POSIX_SIGNALS 1
| #define HAVE_LSTAT 1
| #define HAVE_GETPW_DECLS 1
| #define VOID_SIGHANDLER 1
| #define FIONREAD_IN_SYS_IOCTL 1
| #define STRUCT_WINSIZE_IN_TERMIOS 1
| #define HAVE_STRUCT_DIRENT_D_INO 1
| /* end confdefs.h.  */
| 
| /* Override any GCC internal prototype to avoid an error.
|    Use char because int might match the return type of a GCC
|    builtin and then its argument prototype would still apply.  */
| #ifdef __cplusplus
| extern "C"
| #endif
| char tgetent ();
| int
| main ()
| {
| return tgetent ();
|   ;
|   return 0;
| }
configure:8111: result: no
configure:8116: checking for tgetent in -lcurses
configure:8151: arm-linux-androideabi-gcc -o conftest -I/home/river/android-sdk/workplace/micharu123-py4a/python3-alpha/thirdparty/include -I/home/river/android-sdk/workplace/micharu123-py4a/python3-alpha/thirdparty/include/ncurses  -L/home/river/android-sdk/workplace/micharu123-py4a/python3-alpha/thirdparty/lib  conftest.c -lcurses   >&5
/home/river/android-sdk/android-toolchain/bin/../lib/gcc/arm-linux-androideabi/4.8/../../../../arm-linux-androideabi/bin/ld: error: cannot find -lcurses
/tmp/ccUrdMFp.o:conftest.c:function main: error: undefined reference to 'tgetent'
collect2: error: ld returned 1 exit status
configure:8158: $? = 1
configure: failed program was:
| /* confdefs.h.  */
| #define PACKAGE_NAME "readline"
| #define PACKAGE_TARNAME "readline"
| #define PACKAGE_VERSION "6.2"
| #define PACKAGE_STRING "readline 6.2"
| #define PACKAGE_BUGREPORT "bug-readline@gnu.org"
| #define STDC_HEADERS 1
| #define HAVE_SYS_TYPES_H 1
| #define HAVE_SYS_STAT_H 1
| #define HAVE_STDLIB_H 1
| #define HAVE_STRING_H 1
| #define HAVE_MEMORY_H 1
| #define HAVE_STRINGS_H 1
| #define HAVE_INTTYPES_H 1
| #define HAVE_STDINT_H 1
| #define HAVE_UNISTD_H 1
| #define __EXTENSIONS__ 1
| #define _ALL_SOURCE 1
| #define _GNU_SOURCE 1
| #define _POSIX_PTHREAD_SEMANTICS 1
| #define _TANDEM_SOURCE 1
| #define PROTOTYPES 1
| #define __PROTOTYPES 1
| #define RETSIGTYPE void
| #define STDC_HEADERS 1
| #define HAVE_DIRENT_H 1
| #define HAVE_FCNTL 1
| #define HAVE_KILL 1
| #define HAVE_LSTAT 1
| #define HAVE_MEMMOVE 1
| #define HAVE_PUTENV 1
| #define HAVE_SELECT 1
| #define HAVE_SETENV 1
| #define HAVE_SETLOCALE 1
| #define HAVE_STRCASECMP 1
| #define HAVE_STRPBRK 1
| #define HAVE_VSNPRINTF 1
| #define HAVE_ISASCII 1
| #define HAVE_ISXDIGIT 1
| #define HAVE_GETPWNAM 1
| #define HAVE_GETPWUID 1
| #define HAVE_FCNTL_H 1
| #define HAVE_UNISTD_H 1
| #define HAVE_STDLIB_H 1
| #define HAVE_STDARG_H 1
| #define HAVE_STRING_H 1
| #define HAVE_STRINGS_H 1
| #define HAVE_LIMITS_H 1
| #define HAVE_LOCALE_H 1
| #define HAVE_PWD_H 1
| #define HAVE_MEMORY_H 1
| #define HAVE_TERMCAP_H 1
| #define HAVE_TERMIOS_H 1
| #define HAVE_TERMIO_H 1
| #define HAVE_SYS_SELECT_H 1
| #define HAVE_SYS_FILE_H 1
| #define HAVE_POSIX_SIGNALS 1
| #define HAVE_LSTAT 1
| #define HAVE_GETPW_DECLS 1
| #define VOID_SIGHANDLER 1
| #define FIONREAD_IN_SYS_IOCTL 1
| #define STRUCT_WINSIZE_IN_TERMIOS 1
| #define HAVE_STRUCT_DIRENT_D_INO 1
| /* end confdefs.h.  */
| 
| /* Override any GCC internal prototype to avoid an error.
|    Use char because int might match the return type of a GCC
|    builtin and then its argument prototype would still apply.  */
| #ifdef __cplusplus
| extern "C"
| #endif
| char tgetent ();
| int
| main ()
| {
| return tgetent ();
|   ;
|   return 0;
| }
configure:8179: result: no
configure:8184: checking for tgetent in -lncurses
configure:8219: arm-linux-androideabi-gcc -o conftest -I/home/river/android-sdk/workplace/micharu123-py4a/python3-alpha/thirdparty/include -I/home/river/android-sdk/workplace/micharu123-py4a/python3-alpha/thirdparty/include/ncurses  -L/home/river/android-sdk/workplace/micharu123-py4a/python3-alpha/thirdparty/lib  conftest.c -lncurses   >&5
configure:8226: $? = 0
configure:8247: result: yes
configure:8266: checking which library has the termcap functions
configure:8269: result: using libncurses
configure:8317: checking wctype.h usability
configure:8334: arm-linux-androideabi-gcc -c -I/home/river/android-sdk/workplace/micharu123-py4a/python3-alpha/thirdparty/include -I/home/river/android-sdk/workplace/micharu123-py4a/python3-alpha/thirdparty/include/ncurses  conftest.c >&5
configure:8341: $? = 0
configure:8355: result: yes
configure:8359: checking wctype.h presence
configure:8374: arm-linux-androideabi-gcc -E  conftest.c
configure:8381: $? = 0
configure:8395: result: yes
configure:8428: checking for wctype.h
configure:8437: result: yes
configure:8468: checking wchar.h usability
configure:8485: arm-linux-androideabi-gcc -c -I/home/river/android-sdk/workplace/micharu123-py4a/python3-alpha/thirdparty/include -I/home/river/android-sdk/workplace/micharu123-py4a/python3-alpha/thirdparty/include/ncurses  conftest.c >&5
configure:8492: $? = 0
configure:8506: result: yes
configure:8510: checking wchar.h presence
configure:8525: arm-linux-androideabi-gcc -E  conftest.c
configure:8532: $? = 0
configure:8546: result: yes
configure:8579: checking for wchar.h
configure:8588: result: yes
configure:8619: checking langinfo.h usability
configure:8636: arm-linux-androideabi-gcc -c -I/home/river/android-sdk/workplace/micharu123-py4a/python3-alpha/thirdparty/include -I/home/river/android-sdk/workplace/micharu123-py4a/python3-alpha/thirdparty/include/ncurses  conftest.c >&5
conftest.c:100:22: fatal error: langinfo.h: No such file or directory
 #include <langinfo.h>
                      ^
compilation terminated.
configure:8643: $? = 1
configure: failed program was:
| /* confdefs.h.  */
| #define PACKAGE_NAME "readline"
| #define PACKAGE_TARNAME "readline"
| #define PACKAGE_VERSION "6.2"
| #define PACKAGE_STRING "readline 6.2"
| #define PACKAGE_BUGREPORT "bug-readline@gnu.org"
| #define STDC_HEADERS 1
| #define HAVE_SYS_TYPES_H 1
| #define HAVE_SYS_STAT_H 1
| #define HAVE_STDLIB_H 1
| #define HAVE_STRING_H 1
| #define HAVE_MEMORY_H 1
| #define HAVE_STRINGS_H 1
| #define HAVE_INTTYPES_H 1
| #define HAVE_STDINT_H 1
| #define HAVE_UNISTD_H 1
| #define __EXTENSIONS__ 1
| #define _ALL_SOURCE 1
| #define _GNU_SOURCE 1
| #define _POSIX_PTHREAD_SEMANTICS 1
| #define _TANDEM_SOURCE 1
| #define PROTOTYPES 1
| #define __PROTOTYPES 1
| #define RETSIGTYPE void
| #define STDC_HEADERS 1
| #define HAVE_DIRENT_H 1
| #define HAVE_FCNTL 1
| #define HAVE_KILL 1
| #define HAVE_LSTAT 1
| #define HAVE_MEMMOVE 1
| #define HAVE_PUTENV 1
| #define HAVE_SELECT 1
| #define HAVE_SETENV 1
| #define HAVE_SETLOCALE 1
| #define HAVE_STRCASECMP 1
| #define HAVE_STRPBRK 1
| #define HAVE_VSNPRINTF 1
| #define HAVE_ISASCII 1
| #define HAVE_ISXDIGIT 1
| #define HAVE_GETPWNAM 1
| #define HAVE_GETPWUID 1
| #define HAVE_FCNTL_H 1
| #define HAVE_UNISTD_H 1
| #define HAVE_STDLIB_H 1
| #define HAVE_STDARG_H 1
| #define HAVE_STRING_H 1
| #define HAVE_STRINGS_H 1
| #define HAVE_LIMITS_H 1
| #define HAVE_LOCALE_H 1
| #define HAVE_PWD_H 1
| #define HAVE_MEMORY_H 1
| #define HAVE_TERMCAP_H 1
| #define HAVE_TERMIOS_H 1
| #define HAVE_TERMIO_H 1
| #define HAVE_SYS_SELECT_H 1
| #define HAVE_SYS_FILE_H 1
| #define HAVE_POSIX_SIGNALS 1
| #define HAVE_LSTAT 1
| #define HAVE_GETPW_DECLS 1
| #define VOID_SIGHANDLER 1
| #define FIONREAD_IN_SYS_IOCTL 1
| #define STRUCT_WINSIZE_IN_TERMIOS 1
| #define HAVE_STRUCT_DIRENT_D_INO 1
| #define HAVE_WCTYPE_H 1
| #define HAVE_WCHAR_H 1
| /* end confdefs.h.  */
| #include <stdio.h>
| #ifdef HAVE_SYS_TYPES_H
| # include <sys/types.h>
| #endif
| #ifdef HAVE_SYS_STAT_H
| # include <sys/stat.h>
| #endif
| #ifdef STDC_HEADERS
| # include <stdlib.h>
| # include <stddef.h>
| #else
| # ifdef HAVE_STDLIB_H
| #  include <stdlib.h>
| # endif
| #endif
| #ifdef HAVE_STRING_H
| # if !defined STDC_HEADERS && defined HAVE_MEMORY_H
| #  include <memory.h>
| # endif
| # include <string.h>
| #endif
| #ifdef HAVE_STRINGS_H
| # include <strings.h>
| #endif
| #ifdef HAVE_INTTYPES_H
| # include <inttypes.h>
| #endif
| #ifdef HAVE_STDINT_H
| # include <stdint.h>
| #endif
| #ifdef HAVE_UNISTD_H
| # include <unistd.h>
| #endif
| #include <langinfo.h>
configure:8657: result: no
configure:8661: checking langinfo.h presence
configure:8676: arm-linux-androideabi-gcc -E  conftest.c
conftest.c:67:22: fatal error: langinfo.h: No such file or directory
 #include <langinfo.h>
                      ^
compilation terminated.
configure:8683: $? = 1
configure: failed program was:
| /* confdefs.h.  */
| #define PACKAGE_NAME "readline"
| #define PACKAGE_TARNAME "readline"
| #define PACKAGE_VERSION "6.2"
| #define PACKAGE_STRING "readline 6.2"
| #define PACKAGE_BUGREPORT "bug-readline@gnu.org"
| #define STDC_HEADERS 1
| #define HAVE_SYS_TYPES_H 1
| #define HAVE_SYS_STAT_H 1
| #define HAVE_STDLIB_H 1
| #define HAVE_STRING_H 1
| #define HAVE_MEMORY_H 1
| #define HAVE_STRINGS_H 1
| #define HAVE_INTTYPES_H 1
| #define HAVE_STDINT_H 1
| #define HAVE_UNISTD_H 1
| #define __EXTENSIONS__ 1
| #define _ALL_SOURCE 1
| #define _GNU_SOURCE 1
| #define _POSIX_PTHREAD_SEMANTICS 1
| #define _TANDEM_SOURCE 1
| #define PROTOTYPES 1
| #define __PROTOTYPES 1
| #define RETSIGTYPE void
| #define STDC_HEADERS 1
| #define HAVE_DIRENT_H 1
| #define HAVE_FCNTL 1
| #define HAVE_KILL 1
| #define HAVE_LSTAT 1
| #define HAVE_MEMMOVE 1
| #define HAVE_PUTENV 1
| #define HAVE_SELECT 1
| #define HAVE_SETENV 1
| #define HAVE_SETLOCALE 1
| #define HAVE_STRCASECMP 1
| #define HAVE_STRPBRK 1
| #define HAVE_VSNPRINTF 1
| #define HAVE_ISASCII 1
| #define HAVE_ISXDIGIT 1
| #define HAVE_GETPWNAM 1
| #define HAVE_GETPWUID 1
| #define HAVE_FCNTL_H 1
| #define HAVE_UNISTD_H 1
| #define HAVE_STDLIB_H 1
| #define HAVE_STDARG_H 1
| #define HAVE_STRING_H 1
| #define HAVE_STRINGS_H 1
| #define HAVE_LIMITS_H 1
| #define HAVE_LOCALE_H 1
| #define HAVE_PWD_H 1
| #define HAVE_MEMORY_H 1
| #define HAVE_TERMCAP_H 1
| #define HAVE_TERMIOS_H 1
| #define HAVE_TERMIO_H 1
| #define HAVE_SYS_SELECT_H 1
| #define HAVE_SYS_FILE_H 1
| #define HAVE_POSIX_SIGNALS 1
| #define HAVE_LSTAT 1
| #define HAVE_GETPW_DECLS 1
| #define VOID_SIGHANDLER 1
| #define FIONREAD_IN_SYS_IOCTL 1
| #define STRUCT_WINSIZE_IN_TERMIOS 1
| #define HAVE_STRUCT_DIRENT_D_INO 1
| #define HAVE_WCTYPE_H 1
| #define HAVE_WCHAR_H 1
| /* end confdefs.h.  */
| #include <langinfo.h>
configure:8697: result: no
configure:8730: checking for langinfo.h
configure:8739: result: no
configure:8755: checking for mbrlen
configure:8811: arm-linux-androideabi-gcc -o conftest -I/home/river/android-sdk/workplace/micharu123-py4a/python3-alpha/thirdparty/include -I/home/river/android-sdk/workplace/micharu123-py4a/python3-alpha/thirdparty/include/ncurses  -L/home/river/android-sdk/workplace/micharu123-py4a/python3-alpha/thirdparty/lib  conftest.c  >&5
configure:8818: $? = 0
configure:8838: result: yes
configure:8847: checking for mbscasecmp
configure:8903: arm-linux-androideabi-gcc -o conftest -I/home/river/android-sdk/workplace/micharu123-py4a/python3-alpha/thirdparty/include -I/home/river/android-sdk/workplace/micharu123-py4a/python3-alpha/thirdparty/include/ncurses  -L/home/river/android-sdk/workplace/micharu123-py4a/python3-alpha/thirdparty/lib  conftest.c  >&5
/tmp/ccaybBvk.o:conftest.c:function main: error: undefined reference to 'mbscasecmp'
collect2: error: ld returned 1 exit status
configure:8910: $? = 1
configure: failed program was:
| /* confdefs.h.  */
| #define PACKAGE_NAME "readline"
| #define PACKAGE_TARNAME "readline"
| #define PACKAGE_VERSION "6.2"
| #define PACKAGE_STRING "readline 6.2"
| #define PACKAGE_BUGREPORT "bug-readline@gnu.org"
| #define STDC_HEADERS 1
| #define HAVE_SYS_TYPES_H 1
| #define HAVE_SYS_STAT_H 1
| #define HAVE_STDLIB_H 1
| #define HAVE_STRING_H 1
| #define HAVE_MEMORY_H 1
| #define HAVE_STRINGS_H 1
| #define HAVE_INTTYPES_H 1
| #define HAVE_STDINT_H 1
| #define HAVE_UNISTD_H 1
| #define __EXTENSIONS__ 1
| #define _ALL_SOURCE 1
| #define _GNU_SOURCE 1
| #define _POSIX_PTHREAD_SEMANTICS 1
| #define _TANDEM_SOURCE 1
| #define PROTOTYPES 1
| #define __PROTOTYPES 1
| #define RETSIGTYPE void
| #define STDC_HEADERS 1
| #define HAVE_DIRENT_H 1
| #define HAVE_FCNTL 1
| #define HAVE_KILL 1
| #define HAVE_LSTAT 1
| #define HAVE_MEMMOVE 1
| #define HAVE_PUTENV 1
| #define HAVE_SELECT 1
| #define HAVE_SETENV 1
| #define HAVE_SETLOCALE 1
| #define HAVE_STRCASECMP 1
| #define HAVE_STRPBRK 1
| #define HAVE_VSNPRINTF 1
| #define HAVE_ISASCII 1
| #define HAVE_ISXDIGIT 1
| #define HAVE_GETPWNAM 1
| #define HAVE_GETPWUID 1
| #define HAVE_FCNTL_H 1
| #define HAVE_UNISTD_H 1
| #define HAVE_STDLIB_H 1
| #define HAVE_STDARG_H 1
| #define HAVE_STRING_H 1
| #define HAVE_STRINGS_H 1
| #define HAVE_LIMITS_H 1
| #define HAVE_LOCALE_H 1
| #define HAVE_PWD_H 1
| #define HAVE_MEMORY_H 1
| #define HAVE_TERMCAP_H 1
| #define HAVE_TERMIOS_H 1
| #define HAVE_TERMIO_H 1
| #define HAVE_SYS_SELECT_H 1
| #define HAVE_SYS_FILE_H 1
| #define HAVE_POSIX_SIGNALS 1
| #define HAVE_LSTAT 1
| #define HAVE_GETPW_DECLS 1
| #define VOID_SIGHANDLER 1
| #define FIONREAD_IN_SYS_IOCTL 1
| #define STRUCT_WINSIZE_IN_TERMIOS 1
| #define HAVE_STRUCT_DIRENT_D_INO 1
| #define HAVE_WCTYPE_H 1
| #define HAVE_WCHAR_H 1
| #define HAVE_MBRLEN 1
| /* end confdefs.h.  */
| /* Define mbscasecmp to an innocuous variant, in case <limits.h> declares mbscasecmp.
|    For example, HP-UX 11i <limits.h> declares gettimeofday.  */
| #define mbscasecmp innocuous_mbscasecmp
| 
| /* System header to define __stub macros and hopefully few prototypes,
|     which can conflict with char mbscasecmp (); below.
|     Prefer <limits.h> to <assert.h> if __STDC__ is defined, since
|     <limits.h> exists even on freestanding compilers.  */
| 
| #ifdef __STDC__
| # include <limits.h>
| #else
| # include <assert.h>
| #endif
| 
| #undef mbscasecmp
| 
| /* Override any GCC internal prototype to avoid an error.
|    Use char because int might match the return type of a GCC
|    builtin and then its argument prototype would still apply.  */
| #ifdef __cplusplus
| extern "C"
| #endif
| char mbscasecmp ();
| /* The GNU C library defines this for functions which it implements
|     to always fail with ENOSYS.  Some functions are actually named
|     something starting with __ and the normal name is an alias.  */
| #if defined __stub_mbscasecmp || defined __stub___mbscasecmp
| choke me
| #endif
| 
| int
| main ()
| {
| return mbscasecmp ();
|   ;
|   return 0;
| }
configure:8930: result: no
configure:8939: checking for mbscmp
configure:8995: arm-linux-androideabi-gcc -o conftest -I/home/river/android-sdk/workplace/micharu123-py4a/python3-alpha/thirdparty/include -I/home/river/android-sdk/workplace/micharu123-py4a/python3-alpha/thirdparty/include/ncurses  -L/home/river/android-sdk/workplace/micharu123-py4a/python3-alpha/thirdparty/lib  conftest.c  >&5
/tmp/ccs31tRt.o:conftest.c:function main: error: undefined reference to 'mbscmp'
collect2: error: ld returned 1 exit status
configure:9002: $? = 1
configure: failed program was:
| /* confdefs.h.  */
| #define PACKAGE_NAME "readline"
| #define PACKAGE_TARNAME "readline"
| #define PACKAGE_VERSION "6.2"
| #define PACKAGE_STRING "readline 6.2"
| #define PACKAGE_BUGREPORT "bug-readline@gnu.org"
| #define STDC_HEADERS 1
| #define HAVE_SYS_TYPES_H 1
| #define HAVE_SYS_STAT_H 1
| #define HAVE_STDLIB_H 1
| #define HAVE_STRING_H 1
| #define HAVE_MEMORY_H 1
| #define HAVE_STRINGS_H 1
| #define HAVE_INTTYPES_H 1
| #define HAVE_STDINT_H 1
| #define HAVE_UNISTD_H 1
| #define __EXTENSIONS__ 1
| #define _ALL_SOURCE 1
| #define _GNU_SOURCE 1
| #define _POSIX_PTHREAD_SEMANTICS 1
| #define _TANDEM_SOURCE 1
| #define PROTOTYPES 1
| #define __PROTOTYPES 1
| #define RETSIGTYPE void
| #define STDC_HEADERS 1
| #define HAVE_DIRENT_H 1
| #define HAVE_FCNTL 1
| #define HAVE_KILL 1
| #define HAVE_LSTAT 1
| #define HAVE_MEMMOVE 1
| #define HAVE_PUTENV 1
| #define HAVE_SELECT 1
| #define HAVE_SETENV 1
| #define HAVE_SETLOCALE 1
| #define HAVE_STRCASECMP 1
| #define HAVE_STRPBRK 1
| #define HAVE_VSNPRINTF 1
| #define HAVE_ISASCII 1
| #define HAVE_ISXDIGIT 1
| #define HAVE_GETPWNAM 1
| #define HAVE_GETPWUID 1
| #define HAVE_FCNTL_H 1
| #define HAVE_UNISTD_H 1
| #define HAVE_STDLIB_H 1
| #define HAVE_STDARG_H 1
| #define HAVE_STRING_H 1
| #define HAVE_STRINGS_H 1
| #define HAVE_LIMITS_H 1
| #define HAVE_LOCALE_H 1
| #define HAVE_PWD_H 1
| #define HAVE_MEMORY_H 1
| #define HAVE_TERMCAP_H 1
| #define HAVE_TERMIOS_H 1
| #define HAVE_TERMIO_H 1
| #define HAVE_SYS_SELECT_H 1
| #define HAVE_SYS_FILE_H 1
| #define HAVE_POSIX_SIGNALS 1
| #define HAVE_LSTAT 1
| #define HAVE_GETPW_DECLS 1
| #define VOID_SIGHANDLER 1
| #define FIONREAD_IN_SYS_IOCTL 1
| #define STRUCT_WINSIZE_IN_TERMIOS 1
| #define HAVE_STRUCT_DIRENT_D_INO 1
| #define HAVE_WCTYPE_H 1
| #define HAVE_WCHAR_H 1
| #define HAVE_MBRLEN 1
| /* end confdefs.h.  */
| /* Define mbscmp to an innocuous variant, in case <limits.h> declares mbscmp.
|    For example, HP-UX 11i <limits.h> declares gettimeofday.  */
| #define mbscmp innocuous_mbscmp
| 
| /* System header to define __stub macros and hopefully few prototypes,
|     which can conflict with char mbscmp (); below.
|     Prefer <limits.h> to <assert.h> if __STDC__ is defined, since
|     <limits.h> exists even on freestanding compilers.  */
| 
| #ifdef __STDC__
| # include <limits.h>
| #else
| # include <assert.h>
| #endif
| 
| #undef mbscmp
| 
| /* Override any GCC internal prototype to avoid an error.
|    Use char because int might match the return type of a GCC
|    builtin and then its argument prototype would still apply.  */
| #ifdef __cplusplus
| extern "C"
| #endif
| char mbscmp ();
| /* The GNU C library defines this for functions which it implements
|     to always fail with ENOSYS.  Some functions are actually named
|     something starting with __ and the normal name is an alias.  */
| #if defined __stub_mbscmp || defined __stub___mbscmp
| choke me
| #endif
| 
| int
| main ()
| {
| return mbscmp ();
|   ;
|   return 0;
| }
configure:9022: result: no
configure:9031: checking for mbsnrtowcs
configure:9087: arm-linux-androideabi-gcc -o conftest -I/home/river/android-sdk/workplace/micharu123-py4a/python3-alpha/thirdparty/include -I/home/river/android-sdk/workplace/micharu123-py4a/python3-alpha/thirdparty/include/ncurses  -L/home/river/android-sdk/workplace/micharu123-py4a/python3-alpha/thirdparty/lib  conftest.c  >&5
/tmp/cciccLrD.o:conftest.c:function main: error: undefined reference to 'mbsnrtowcs'
collect2: error: ld returned 1 exit status
configure:9094: $? = 1
configure: failed program was:
| /* confdefs.h.  */
| #define PACKAGE_NAME "readline"
| #define PACKAGE_TARNAME "readline"
| #define PACKAGE_VERSION "6.2"
| #define PACKAGE_STRING "readline 6.2"
| #define PACKAGE_BUGREPORT "bug-readline@gnu.org"
| #define STDC_HEADERS 1
| #define HAVE_SYS_TYPES_H 1
| #define HAVE_SYS_STAT_H 1
| #define HAVE_STDLIB_H 1
| #define HAVE_STRING_H 1
| #define HAVE_MEMORY_H 1
| #define HAVE_STRINGS_H 1
| #define HAVE_INTTYPES_H 1
| #define HAVE_STDINT_H 1
| #define HAVE_UNISTD_H 1
| #define __EXTENSIONS__ 1
| #define _ALL_SOURCE 1
| #define _GNU_SOURCE 1
| #define _POSIX_PTHREAD_SEMANTICS 1
| #define _TANDEM_SOURCE 1
| #define PROTOTYPES 1
| #define __PROTOTYPES 1
| #define RETSIGTYPE void
| #define STDC_HEADERS 1
| #define HAVE_DIRENT_H 1
| #define HAVE_FCNTL 1
| #define HAVE_KILL 1
| #define HAVE_LSTAT 1
| #define HAVE_MEMMOVE 1
| #define HAVE_PUTENV 1
| #define HAVE_SELECT 1
| #define HAVE_SETENV 1
| #define HAVE_SETLOCALE 1
| #define HAVE_STRCASECMP 1
| #define HAVE_STRPBRK 1
| #define HAVE_VSNPRINTF 1
| #define HAVE_ISASCII 1
| #define HAVE_ISXDIGIT 1
| #define HAVE_GETPWNAM 1
| #define HAVE_GETPWUID 1
| #define HAVE_FCNTL_H 1
| #define HAVE_UNISTD_H 1
| #define HAVE_STDLIB_H 1
| #define HAVE_STDARG_H 1
| #define HAVE_STRING_H 1
| #define HAVE_STRINGS_H 1
| #define HAVE_LIMITS_H 1
| #define HAVE_LOCALE_H 1
| #define HAVE_PWD_H 1
| #define HAVE_MEMORY_H 1
| #define HAVE_TERMCAP_H 1
| #define HAVE_TERMIOS_H 1
| #define HAVE_TERMIO_H 1
| #define HAVE_SYS_SELECT_H 1
| #define HAVE_SYS_FILE_H 1
| #define HAVE_POSIX_SIGNALS 1
| #define HAVE_LSTAT 1
| #define HAVE_GETPW_DECLS 1
| #define VOID_SIGHANDLER 1
| #define FIONREAD_IN_SYS_IOCTL 1
| #define STRUCT_WINSIZE_IN_TERMIOS 1
| #define HAVE_STRUCT_DIRENT_D_INO 1
| #define HAVE_WCTYPE_H 1
| #define HAVE_WCHAR_H 1
| #define HAVE_MBRLEN 1
| /* end confdefs.h.  */
| /* Define mbsnrtowcs to an innocuous variant, in case <limits.h> declares mbsnrtowcs.
|    For example, HP-UX 11i <limits.h> declares gettimeofday.  */
| #define mbsnrtowcs innocuous_mbsnrtowcs
| 
| /* System header to define __stub macros and hopefully few prototypes,
|     which can conflict with char mbsnrtowcs (); below.
|     Prefer <limits.h> to <assert.h> if __STDC__ is defined, since
|     <limits.h> exists even on freestanding compilers.  */
| 
| #ifdef __STDC__
| # include <limits.h>
| #else
| # include <assert.h>
| #endif
| 
| #undef mbsnrtowcs
| 
| /* Override any GCC internal prototype to avoid an error.
|    Use char because int might match the return type of a GCC
|    builtin and then its argument prototype would still apply.  */
| #ifdef __cplusplus
| extern "C"
| #endif
| char mbsnrtowcs ();
| /* The GNU C library defines this for functions which it implements
|     to always fail with ENOSYS.  Some functions are actually named
|     something starting with __ and the normal name is an alias.  */
| #if defined __stub_mbsnrtowcs || defined __stub___mbsnrtowcs
| choke me
| #endif
| 
| int
| main ()
| {
| return mbsnrtowcs ();
|   ;
|   return 0;
| }
configure:9114: result: no
configure:9123: checking for mbsrtowcs
configure:9179: arm-linux-androideabi-gcc -o conftest -I/home/river/android-sdk/workplace/micharu123-py4a/python3-alpha/thirdparty/include -I/home/river/android-sdk/workplace/micharu123-py4a/python3-alpha/thirdparty/include/ncurses  -L/home/river/android-sdk/workplace/micharu123-py4a/python3-alpha/thirdparty/lib  conftest.c  >&5
configure:9186: $? = 0
configure:9206: result: yes
configure:9221: checking for mbschr
configure:9277: arm-linux-androideabi-gcc -o conftest -I/home/river/android-sdk/workplace/micharu123-py4a/python3-alpha/thirdparty/include -I/home/river/android-sdk/workplace/micharu123-py4a/python3-alpha/thirdparty/include/ncurses  -L/home/river/android-sdk/workplace/micharu123-py4a/python3-alpha/thirdparty/lib  conftest.c  >&5
/tmp/ccwFTriV.o:conftest.c:function main: error: undefined reference to 'mbschr'
collect2: error: ld returned 1 exit status
configure:9284: $? = 1
configure: failed program was:
| /* confdefs.h.  */
| #define PACKAGE_NAME "readline"
| #define PACKAGE_TARNAME "readline"
| #define PACKAGE_VERSION "6.2"
| #define PACKAGE_STRING "readline 6.2"
| #define PACKAGE_BUGREPORT "bug-readline@gnu.org"
| #define STDC_HEADERS 1
| #define HAVE_SYS_TYPES_H 1
| #define HAVE_SYS_STAT_H 1
| #define HAVE_STDLIB_H 1
| #define HAVE_STRING_H 1
| #define HAVE_MEMORY_H 1
| #define HAVE_STRINGS_H 1
| #define HAVE_INTTYPES_H 1
| #define HAVE_STDINT_H 1
| #define HAVE_UNISTD_H 1
| #define __EXTENSIONS__ 1
| #define _ALL_SOURCE 1
| #define _GNU_SOURCE 1
| #define _POSIX_PTHREAD_SEMANTICS 1
| #define _TANDEM_SOURCE 1
| #define PROTOTYPES 1
| #define __PROTOTYPES 1
| #define RETSIGTYPE void
| #define STDC_HEADERS 1
| #define HAVE_DIRENT_H 1
| #define HAVE_FCNTL 1
| #define HAVE_KILL 1
| #define HAVE_LSTAT 1
| #define HAVE_MEMMOVE 1
| #define HAVE_PUTENV 1
| #define HAVE_SELECT 1
| #define HAVE_SETENV 1
| #define HAVE_SETLOCALE 1
| #define HAVE_STRCASECMP 1
| #define HAVE_STRPBRK 1
| #define HAVE_VSNPRINTF 1
| #define HAVE_ISASCII 1
| #define HAVE_ISXDIGIT 1
| #define HAVE_GETPWNAM 1
| #define HAVE_GETPWUID 1
| #define HAVE_FCNTL_H 1
| #define HAVE_UNISTD_H 1
| #define HAVE_STDLIB_H 1
| #define HAVE_STDARG_H 1
| #define HAVE_STRING_H 1
| #define HAVE_STRINGS_H 1
| #define HAVE_LIMITS_H 1
| #define HAVE_LOCALE_H 1
| #define HAVE_PWD_H 1
| #define HAVE_MEMORY_H 1
| #define HAVE_TERMCAP_H 1
| #define HAVE_TERMIOS_H 1
| #define HAVE_TERMIO_H 1
| #define HAVE_SYS_SELECT_H 1
| #define HAVE_SYS_FILE_H 1
| #define HAVE_POSIX_SIGNALS 1
| #define HAVE_LSTAT 1
| #define HAVE_GETPW_DECLS 1
| #define VOID_SIGHANDLER 1
| #define FIONREAD_IN_SYS_IOCTL 1
| #define STRUCT_WINSIZE_IN_TERMIOS 1
| #define HAVE_STRUCT_DIRENT_D_INO 1
| #define HAVE_WCTYPE_H 1
| #define HAVE_WCHAR_H 1
| #define HAVE_MBRLEN 1
| #define HAVE_MBSRTOWCS 1
| /* end confdefs.h.  */
| /* Define mbschr to an innocuous variant, in case <limits.h> declares mbschr.
|    For example, HP-UX 11i <limits.h> declares gettimeofday.  */
| #define mbschr innocuous_mbschr
| 
| /* System header to define __stub macros and hopefully few prototypes,
|     which can conflict with char mbschr (); below.
|     Prefer <limits.h> to <assert.h> if __STDC__ is defined, since
|     <limits.h> exists even on freestanding compilers.  */
| 
| #ifdef __STDC__
| # include <limits.h>
| #else
| # include <assert.h>
| #endif
| 
| #undef mbschr
| 
| /* Override any GCC internal prototype to avoid an error.
|    Use char because int might match the return type of a GCC
|    builtin and then its argument prototype would still apply.  */
| #ifdef __cplusplus
| extern "C"
| #endif
| char mbschr ();
| /* The GNU C library defines this for functions which it implements
|     to always fail with ENOSYS.  Some functions are actually named
|     something starting with __ and the normal name is an alias.  */
| #if defined __stub_mbschr || defined __stub___mbschr
| choke me
| #endif
| 
| int
| main ()
| {
| return mbschr ();
|   ;
|   return 0;
| }
configure:9306: result: no
configure:9327: checking for wcrtomb
configure:9383: arm-linux-androideabi-gcc -o conftest -I/home/river/android-sdk/workplace/micharu123-py4a/python3-alpha/thirdparty/include -I/home/river/android-sdk/workplace/micharu123-py4a/python3-alpha/thirdparty/include/ncurses  -L/home/river/android-sdk/workplace/micharu123-py4a/python3-alpha/thirdparty/lib  conftest.c  >&5
configure:9390: $? = 0
configure:9410: result: yes
configure:9419: checking for wcscoll
configure:9475: arm-linux-androideabi-gcc -o conftest -I/home/river/android-sdk/workplace/micharu123-py4a/python3-alpha/thirdparty/include -I/home/river/android-sdk/workplace/micharu123-py4a/python3-alpha/thirdparty/include/ncurses  -L/home/river/android-sdk/workplace/micharu123-py4a/python3-alpha/thirdparty/lib  conftest.c  >&5
configure:9482: $? = 0
configure:9502: result: yes
configure:9511: checking for wcsdup
configure:9567: arm-linux-androideabi-gcc -o conftest -I/home/river/android-sdk/workplace/micharu123-py4a/python3-alpha/thirdparty/include -I/home/river/android-sdk/workplace/micharu123-py4a/python3-alpha/thirdparty/include/ncurses  -L/home/river/android-sdk/workplace/micharu123-py4a/python3-alpha/thirdparty/lib  conftest.c  >&5
configure:9574: $? = 0
configure:9594: result: yes
configure:9603: checking for wcwidth
configure:9659: arm-linux-androideabi-gcc -o conftest -I/home/river/android-sdk/workplace/micharu123-py4a/python3-alpha/thirdparty/include -I/home/river/android-sdk/workplace/micharu123-py4a/python3-alpha/thirdparty/include/ncurses  -L/home/river/android-sdk/workplace/micharu123-py4a/python3-alpha/thirdparty/lib  conftest.c  >&5
configure:9666: $? = 0
configure:9686: result: yes
configure:9695: checking for wctype
configure:9751: arm-linux-androideabi-gcc -o conftest -I/home/river/android-sdk/workplace/micharu123-py4a/python3-alpha/thirdparty/include -I/home/river/android-sdk/workplace/micharu123-py4a/python3-alpha/thirdparty/include/ncurses  -L/home/river/android-sdk/workplace/micharu123-py4a/python3-alpha/thirdparty/lib  conftest.c  >&5
configure:9758: $? = 0
configure:9778: result: yes
configure:9792: checking for wcswidth
configure:9848: arm-linux-androideabi-gcc -o conftest -I/home/river/android-sdk/workplace/micharu123-py4a/python3-alpha/thirdparty/include -I/home/river/android-sdk/workplace/micharu123-py4a/python3-alpha/thirdparty/include/ncurses  -L/home/river/android-sdk/workplace/micharu123-py4a/python3-alpha/thirdparty/lib  conftest.c  >&5
configure:9855: $? = 0
configure:9877: result: yes
configure:9899: checking whether mbrtowc and mbstate_t are properly declared
configure:9929: arm-linux-androideabi-gcc -o conftest -I/home/river/android-sdk/workplace/micharu123-py4a/python3-alpha/thirdparty/include -I/home/river/android-sdk/workplace/micharu123-py4a/python3-alpha/thirdparty/include/ncurses  -L/home/river/android-sdk/workplace/micharu123-py4a/python3-alpha/thirdparty/lib  conftest.c  >&5
configure:9936: $? = 0
configure:9956: result: yes
configure:9981: checking for iswlower
configure:10037: arm-linux-androideabi-gcc -o conftest -I/home/river/android-sdk/workplace/micharu123-py4a/python3-alpha/thirdparty/include -I/home/river/android-sdk/workplace/micharu123-py4a/python3-alpha/thirdparty/include/ncurses  -L/home/river/android-sdk/workplace/micharu123-py4a/python3-alpha/thirdparty/lib  conftest.c  >&5
conftest.c:100:6: warning: conflicting types for built-in function 'iswlower' [enabled by default]
 char iswlower ();
      ^
configure:10044: $? = 0
configure:10066: result: yes
configure:9981: checking for iswupper
configure:10037: arm-linux-androideabi-gcc -o conftest -I/home/river/android-sdk/workplace/micharu123-py4a/python3-alpha/thirdparty/include -I/home/river/android-sdk/workplace/micharu123-py4a/python3-alpha/thirdparty/include/ncurses  -L/home/river/android-sdk/workplace/micharu123-py4a/python3-alpha/thirdparty/lib  conftest.c  >&5
conftest.c:101:6: warning: conflicting types for built-in function 'iswupper' [enabled by default]
 char iswupper ();
      ^
configure:10044: $? = 0
configure:10066: result: yes
configure:9981: checking for towlower
configure:10037: arm-linux-androideabi-gcc -o conftest -I/home/river/android-sdk/workplace/micharu123-py4a/python3-alpha/thirdparty/include -I/home/river/android-sdk/workplace/micharu123-py4a/python3-alpha/thirdparty/include/ncurses  -L/home/river/android-sdk/workplace/micharu123-py4a/python3-alpha/thirdparty/lib  conftest.c  >&5
conftest.c:102:6: warning: conflicting types for built-in function 'towlower' [enabled by default]
 char towlower ();
      ^
configure:10044: $? = 0
configure:10066: result: yes
configure:9981: checking for towupper
configure:10037: arm-linux-androideabi-gcc -o conftest -I/home/river/android-sdk/workplace/micharu123-py4a/python3-alpha/thirdparty/include -I/home/river/android-sdk/workplace/micharu123-py4a/python3-alpha/thirdparty/include/ncurses  -L/home/river/android-sdk/workplace/micharu123-py4a/python3-alpha/thirdparty/lib  conftest.c  >&5
conftest.c:103:6: warning: conflicting types for built-in function 'towupper' [enabled by default]
 char towupper ();
      ^
configure:10044: $? = 0
configure:10066: result: yes
configure:9981: checking for iswctype
configure:10037: arm-linux-androideabi-gcc -o conftest -I/home/river/android-sdk/workplace/micharu123-py4a/python3-alpha/thirdparty/include -I/home/river/android-sdk/workplace/micharu123-py4a/python3-alpha/thirdparty/include/ncurses  -L/home/river/android-sdk/workplace/micharu123-py4a/python3-alpha/thirdparty/lib  conftest.c  >&5
configure:10044: $? = 0
configure:10066: result: yes
configure:10079: checking for nl_langinfo and CODESET
configure:10105: arm-linux-androideabi-gcc -o conftest -I/home/river/android-sdk/workplace/micharu123-py4a/python3-alpha/thirdparty/include -I/home/river/android-sdk/workplace/micharu123-py4a/python3-alpha/thirdparty/include/ncurses  -L/home/river/android-sdk/workplace/micharu123-py4a/python3-alpha/thirdparty/lib  conftest.c  >&5
conftest.c:82:22: fatal error: langinfo.h: No such file or directory
 #include <langinfo.h>
                      ^
compilation terminated.
configure:10112: $? = 1
configure: failed program was:
| /* confdefs.h.  */
| #define PACKAGE_NAME "readline"
| #define PACKAGE_TARNAME "readline"
| #define PACKAGE_VERSION "6.2"
| #define PACKAGE_STRING "readline 6.2"
| #define PACKAGE_BUGREPORT "bug-readline@gnu.org"
| #define STDC_HEADERS 1
| #define HAVE_SYS_TYPES_H 1
| #define HAVE_SYS_STAT_H 1
| #define HAVE_STDLIB_H 1
| #define HAVE_STRING_H 1
| #define HAVE_MEMORY_H 1
| #define HAVE_STRINGS_H 1
| #define HAVE_INTTYPES_H 1
| #define HAVE_STDINT_H 1
| #define HAVE_UNISTD_H 1
| #define __EXTENSIONS__ 1
| #define _ALL_SOURCE 1
| #define _GNU_SOURCE 1
| #define _POSIX_PTHREAD_SEMANTICS 1
| #define _TANDEM_SOURCE 1
| #define PROTOTYPES 1
| #define __PROTOTYPES 1
| #define RETSIGTYPE void
| #define STDC_HEADERS 1
| #define HAVE_DIRENT_H 1
| #define HAVE_FCNTL 1
| #define HAVE_KILL 1
| #define HAVE_LSTAT 1
| #define HAVE_MEMMOVE 1
| #define HAVE_PUTENV 1
| #define HAVE_SELECT 1
| #define HAVE_SETENV 1
| #define HAVE_SETLOCALE 1
| #define HAVE_STRCASECMP 1
| #define HAVE_STRPBRK 1
| #define HAVE_VSNPRINTF 1
| #define HAVE_ISASCII 1
| #define HAVE_ISXDIGIT 1
| #define HAVE_GETPWNAM 1
| #define HAVE_GETPWUID 1
| #define HAVE_FCNTL_H 1
| #define HAVE_UNISTD_H 1
| #define HAVE_STDLIB_H 1
| #define HAVE_STDARG_H 1
| #define HAVE_STRING_H 1
| #define HAVE_STRINGS_H 1
| #define HAVE_LIMITS_H 1
| #define HAVE_LOCALE_H 1
| #define HAVE_PWD_H 1
| #define HAVE_MEMORY_H 1
| #define HAVE_TERMCAP_H 1
| #define HAVE_TERMIOS_H 1
| #define HAVE_TERMIO_H 1
| #define HAVE_SYS_SELECT_H 1
| #define HAVE_SYS_FILE_H 1
| #define HAVE_POSIX_SIGNALS 1
| #define HAVE_LSTAT 1
| #define HAVE_GETPW_DECLS 1
| #define VOID_SIGHANDLER 1
| #define FIONREAD_IN_SYS_IOCTL 1
| #define STRUCT_WINSIZE_IN_TERMIOS 1
| #define HAVE_STRUCT_DIRENT_D_INO 1
| #define HAVE_WCTYPE_H 1
| #define HAVE_WCHAR_H 1
| #define HAVE_MBRLEN 1
| #define HAVE_MBSRTOWCS 1
| #define HAVE_WCRTOMB 1
| #define HAVE_WCSCOLL 1
| #define HAVE_WCSDUP 1
| #define HAVE_WCWIDTH 1
| #define HAVE_WCTYPE 1
| #define HAVE_WCSWIDTH 1
| #define HAVE_MBRTOWC 1
| #define HAVE_MBSTATE_T 1
| #define HAVE_ISWLOWER 1
| #define HAVE_ISWUPPER 1
| #define HAVE_TOWLOWER 1
| #define HAVE_TOWUPPER 1
| #define HAVE_ISWCTYPE 1
| /* end confdefs.h.  */
| #include <langinfo.h>
| int
| main ()
| {
| char* cs = nl_langinfo(CODESET);
|   ;
|   return 0;
| }
configure:10132: result: no
configure:10141: checking for wchar_t in wchar.h
configure:10171: arm-linux-androideabi-gcc -c -I/home/river/android-sdk/workplace/micharu123-py4a/python3-alpha/thirdparty/include -I/home/river/android-sdk/workplace/micharu123-py4a/python3-alpha/thirdparty/include/ncurses  conftest.c >&5
configure:10178: $? = 0
configure:10193: result: yes
configure:10203: checking for wctype_t in wctype.h
configure:10232: arm-linux-androideabi-gcc -c -I/home/river/android-sdk/workplace/micharu123-py4a/python3-alpha/thirdparty/include -I/home/river/android-sdk/workplace/micharu123-py4a/python3-alpha/thirdparty/include/ncurses  conftest.c >&5
configure:10239: $? = 0
configure:10254: result: yes
configure:10264: checking for wint_t in wctype.h
configure:10293: arm-linux-androideabi-gcc -c -I/home/river/android-sdk/workplace/micharu123-py4a/python3-alpha/thirdparty/include -I/home/river/android-sdk/workplace/micharu123-py4a/python3-alpha/thirdparty/include/ncurses  conftest.c >&5
configure:10300: $? = 0
configure:10315: result: yes
configure:10449: checking configuration for building shared libraries
configure:10473: result: supported
configure:10638: creating ./config.status

## ---------------------- ##
## Running config.status. ##
## ---------------------- ##

This file was extended by readline config.status 6.2, which was
generated by GNU Autoconf 2.63.  Invocation command line was

  CONFIG_FILES    = 
  CONFIG_HEADERS  = 
  CONFIG_LINKS    = 
  CONFIG_COMMANDS = 
  $ ./config.status 

on ca-fremont-1.tubebook.net

config.status:844: creating Makefile
config.status:844: creating doc/Makefile
config.status:844: creating examples/Makefile
config.status:844: creating shlib/Makefile
config.status:844: creating config.h
config.status:1078: executing default commands

## ---------------- ##
## Cache variables. ##
## ---------------- ##

ac_cv_build=x86_64-unknown-linux-gnu
ac_cv_c_char_unsigned=yes
ac_cv_c_compiler_gnu=yes
ac_cv_c_const=yes
ac_cv_c_volatile=yes
ac_cv_env_CC_set=set
ac_cv_env_CC_value=arm-linux-androideabi-gcc
ac_cv_env_CFLAGS_set=set
ac_cv_env_CFLAGS_value='-I/home/river/android-sdk/workplace/micharu123-py4a/python3-alpha/thirdparty/include -I/home/river/android-sdk/workplace/micharu123-py4a/python3-alpha/thirdparty/include/ncurses'
ac_cv_env_CPPFLAGS_set=
ac_cv_env_CPPFLAGS_value=
ac_cv_env_CPP_set=
ac_cv_env_CPP_value=
ac_cv_env_LDFLAGS_set=set
ac_cv_env_LDFLAGS_value='-L/home/river/android-sdk/workplace/micharu123-py4a/python3-alpha/thirdparty/lib '
ac_cv_env_LIBS_set=
ac_cv_env_LIBS_value=
ac_cv_env_build_alias_set=
ac_cv_env_build_alias_value=
ac_cv_env_host_alias_set=set
ac_cv_env_host_alias_value=arm-linux-androideabi
ac_cv_env_target_alias_set=set
ac_cv_env_target_alias_value=arm-linux-androideabi
ac_cv_func_fcntl=yes
ac_cv_func_getpwent=no
ac_cv_func_getpwnam=yes
ac_cv_func_getpwuid=yes
ac_cv_func_isascii=yes
ac_cv_func_iswctype=yes
ac_cv_func_iswlower=yes
ac_cv_func_iswupper=yes
ac_cv_func_isxdigit=yes
ac_cv_func_kill=yes
ac_cv_func_lstat=yes
ac_cv_func_mbrlen=yes
ac_cv_func_mbrtowc=yes
ac_cv_func_mbscasecmp=no
ac_cv_func_mbschr=no
ac_cv_func_mbscmp=no
ac_cv_func_mbsnrtowcs=no
ac_cv_func_mbsrtowcs=yes
ac_cv_func_memmove=yes
ac_cv_func_putenv=yes
ac_cv_func_select=yes
ac_cv_func_setenv=yes
ac_cv_func_setlocale=yes
ac_cv_func_strcasecmp=yes
ac_cv_func_strcoll_works=no
ac_cv_func_strpbrk=yes
ac_cv_func_tcgetattr=no
ac_cv_func_tgetent=no
ac_cv_func_towlower=yes
ac_cv_func_towupper=yes
ac_cv_func_vsnprintf=yes
ac_cv_func_wcrtomb=yes
ac_cv_func_wcscoll=yes
ac_cv_func_wcsdup=yes
ac_cv_func_wcswidth=yes
ac_cv_func_wctype=yes
ac_cv_func_wcwidth=yes
ac_cv_have_sig_atomic_t=yes
ac_cv_header_dirent_dirent_h=yes
ac_cv_header_fcntl_h=yes
ac_cv_header_inttypes_h=yes
ac_cv_header_langinfo_h=no
ac_cv_header_limits_h=yes
ac_cv_header_locale_h=yes
ac_cv_header_memory_h=yes
ac_cv_header_minix_config_h=no
ac_cv_header_pwd_h=yes
ac_cv_header_stat_broken=no
ac_cv_header_stdarg_h=yes
ac_cv_header_stdc=yes
ac_cv_header_stdint_h=yes
ac_cv_header_stdlib_h=yes
ac_cv_header_string_h=yes
ac_cv_header_strings_h=yes
ac_cv_header_sys_file_h=yes
ac_cv_header_sys_pte_h=no
ac_cv_header_sys_ptem_h=no
ac_cv_header_sys_select_h=yes
ac_cv_header_sys_stat_h=yes
ac_cv_header_sys_stream_h=no
ac_cv_header_sys_types_h=yes
ac_cv_header_termcap_h=yes
ac_cv_header_termio_h=yes
ac_cv_header_termios_h=yes
ac_cv_header_unistd_h=yes
ac_cv_header_varargs_h=no
ac_cv_header_wchar_h=yes
ac_cv_header_wctype_h=yes
ac_cv_host=arm-unknown-linux-androideabi
ac_cv_lib_curses_tgetent=no
ac_cv_lib_ncurses_tgetent=yes
ac_cv_lib_termcap_tgetent=no
ac_cv_lib_tinfo_tgetent=no
ac_cv_objext=o
ac_cv_path_EGREP='/bin/grep -E'
ac_cv_path_GREP=/bin/grep
ac_cv_path_install='/usr/bin/install -c'
ac_cv_prog_AR=arm-linux-androideabi-ar
ac_cv_prog_CC=arm-linux-androideabi-gcc
ac_cv_prog_CPP='arm-linux-androideabi-gcc -E'
ac_cv_prog_RANLIB=arm-linux-androideabi-ranlib
ac_cv_prog_cc_c89=
ac_cv_prog_cc_g=yes
ac_cv_prog_gcc_traditional=no
ac_cv_prog_make_make_set=yes
ac_cv_safe_to_define___extensions__=yes
ac_cv_search_opendir='none required'
ac_cv_sys_file_offset_bits=unknown
ac_cv_sys_large_files=unknown
ac_cv_sys_largefile_CC=no
ac_cv_sys_tiocgwinsz_in_termios_h=yes
ac_cv_type_signal=void
ac_cv_type_size_t=yes
ac_cv_type_ssize_t=yes
bash_cv_dirent_has_d_fileno=no
bash_cv_dirent_has_dino=yes
bash_cv_fionread_in_ioctl=yes
bash_cv_func_ctype_nonascii=no
bash_cv_func_lstat=yes
bash_cv_func_sigsetjmp=missing
bash_cv_func_strcoll_broken=no
bash_cv_getpw_declared=yes
bash_cv_langinfo_codeset=no
bash_cv_must_reinstall_sighandlers=no
bash_cv_signal_vintage=posix
bash_cv_speed_t_in_sys_types=no
bash_cv_struct_winsize_header=termios_h
bash_cv_termcap_lib=libncurses
bash_cv_tiocstat_in_ioctl=no
bash_cv_type_wchar_t=yes
bash_cv_type_wctype_t=yes
bash_cv_type_wint_t=yes
bash_cv_void_sighandler=yes

## ----------------- ##
## Output variables. ##
## ----------------- ##

AR='arm-linux-androideabi-ar'
ARFLAGS='cr'
BUILD_DIR='/home/river/android-sdk/workplace/micharu123-py4a/python3-alpha/readline-6.2'
CC='arm-linux-androideabi-gcc'
CFLAGS='-I/home/river/android-sdk/workplace/micharu123-py4a/python3-alpha/thirdparty/include -I/home/river/android-sdk/workplace/micharu123-py4a/python3-alpha/thirdparty/include/ncurses'
CPP='arm-linux-androideabi-gcc -E'
CPPFLAGS=''
CROSS_COMPILE=''
DEFS='-DHAVE_CONFIG_H'
ECHO_C=''
ECHO_N='-n'
ECHO_T=''
EGREP='/bin/grep -E'
EXEEXT=''
GREP='/bin/grep'
INSTALL_DATA='${INSTALL} -m 644'
INSTALL_PROGRAM='${INSTALL}'
INSTALL_SCRIPT='${INSTALL}'
LDFLAGS='-L/home/river/android-sdk/workplace/micharu123-py4a/python3-alpha/thirdparty/lib '
LIBOBJS=' ${LIBOBJDIR}mbschr$U.o'
LIBS=''
LIBVERSION='6.2'
LOCAL_CFLAGS=''
LOCAL_DEFS=''
LOCAL_LDFLAGS=''
LTLIBOBJS=' ${LIBOBJDIR}mbschr$U.lo'
MAKE_SHELL='/bin/sh'
OBJEXT='o'
PACKAGE_BUGREPORT='bug-readline@gnu.org'
PACKAGE_NAME='readline'
PACKAGE_STRING='readline 6.2'
PACKAGE_TARNAME='readline'
PACKAGE_VERSION='6.2'
PATH_SEPARATOR=':'
PURIFY=''
RANLIB='arm-linux-androideabi-ranlib'
SET_MAKE=''
SHARED_INSTALL_TARGET='install-shared'
SHARED_TARGET='shared'
SHELL='/bin/bash'
SHLIB_DLLVERSION='$(SHLIB_MAJOR)'
SHLIB_DOT='.'
SHLIB_LIBPREF='lib'
SHLIB_LIBS=''
SHLIB_LIBSUFF='so'
SHLIB_LIBVERSION='$(SHLIB_LIBSUFF).$(SHLIB_MAJOR)$(SHLIB_MINOR)'
SHLIB_MAJOR='6'
SHLIB_MINOR='2'
SHLIB_STATUS='supported'
SHLIB_XLDFLAGS='-Wl,-rpath,$(libdir) -Wl,-soname,`basename $@ $(SHLIB_MINOR)`'
SHOBJ_CC='arm-linux-androideabi-gcc'
SHOBJ_CFLAGS='-fPIC'
SHOBJ_LD='${CC}'
SHOBJ_LDFLAGS='-shared -Wl,-soname,$@'
SHOBJ_LIBS=''
SHOBJ_STATUS='supported'
SHOBJ_XLDFLAGS=''
STATIC_INSTALL_TARGET='install-static'
STATIC_TARGET='static'
TERMCAP_LIB='-lncurses'
ac_ct_CC=''
bindir='${exec_prefix}/bin'
build='x86_64-unknown-linux-gnu'
build_alias=''
build_cpu='x86_64'
build_os='linux-gnu'
build_vendor='unknown'
datadir='${datarootdir}'
datarootdir='${prefix}/share'
docdir='${datarootdir}/doc/${PACKAGE_TARNAME}'
dvidir='${docdir}'
exec_prefix='${prefix}'
host='arm-unknown-linux-androideabi'
host_alias='arm-linux-androideabi'
host_cpu='arm'
host_os='linux-androideabi'
host_vendor='unknown'
htmldir='${docdir}'
includedir='${prefix}/include'
infodir='${datarootdir}/info'
libdir='${exec_prefix}/lib'
libexecdir='${exec_prefix}/libexec'
localedir='${datarootdir}/locale'
localstatedir='${prefix}/var'
mandir='${datarootdir}/man'
oldincludedir='/usr/include'
pdfdir='${docdir}'
prefix='/home/river/android-sdk/workplace/micharu123-py4a/python3-alpha/thirdparty'
program_transform_name='s,x,x,'
psdir='${docdir}'
sbindir='${exec_prefix}/sbin'
sharedstatedir='${prefix}/com'
sysconfdir='${prefix}/etc'
target_alias='arm-linux-androideabi'

## ----------- ##
## confdefs.h. ##
## ----------- ##

#define PACKAGE_NAME "readline"
#define PACKAGE_TARNAME "readline"
#define PACKAGE_VERSION "6.2"
#define PACKAGE_STRING "readline 6.2"
#define PACKAGE_BUGREPORT "bug-readline@gnu.org"
#define STDC_HEADERS 1
#define HAVE_SYS_TYPES_H 1
#define HAVE_SYS_STAT_H 1
#define HAVE_STDLIB_H 1
#define HAVE_STRING_H 1
#define HAVE_MEMORY_H 1
#define HAVE_STRINGS_H 1
#define HAVE_INTTYPES_H 1
#define HAVE_STDINT_H 1
#define HAVE_UNISTD_H 1
#define __EXTENSIONS__ 1
#define _ALL_SOURCE 1
#define _GNU_SOURCE 1
#define _POSIX_PTHREAD_SEMANTICS 1
#define _TANDEM_SOURCE 1
#define PROTOTYPES 1
#define __PROTOTYPES 1
#define RETSIGTYPE void
#define STDC_HEADERS 1
#define HAVE_DIRENT_H 1
#define HAVE_FCNTL 1
#define HAVE_KILL 1
#define HAVE_LSTAT 1
#define HAVE_MEMMOVE 1
#define HAVE_PUTENV 1
#define HAVE_SELECT 1
#define HAVE_SETENV 1
#define HAVE_SETLOCALE 1
#define HAVE_STRCASECMP 1
#define HAVE_STRPBRK 1
#define HAVE_VSNPRINTF 1
#define HAVE_ISASCII 1
#define HAVE_ISXDIGIT 1
#define HAVE_GETPWNAM 1
#define HAVE_GETPWUID 1
#define HAVE_FCNTL_H 1
#define HAVE_UNISTD_H 1
#define HAVE_STDLIB_H 1
#define HAVE_STDARG_H 1
#define HAVE_STRING_H 1
#define HAVE_STRINGS_H 1
#define HAVE_LIMITS_H 1
#define HAVE_LOCALE_H 1
#define HAVE_PWD_H 1
#define HAVE_MEMORY_H 1
#define HAVE_TERMCAP_H 1
#define HAVE_TERMIOS_H 1
#define HAVE_TERMIO_H 1
#define HAVE_SYS_SELECT_H 1
#define HAVE_SYS_FILE_H 1
#define HAVE_POSIX_SIGNALS 1
#define HAVE_LSTAT 1
#define HAVE_GETPW_DECLS 1
#define VOID_SIGHANDLER 1
#define FIONREAD_IN_SYS_IOCTL 1
#define STRUCT_WINSIZE_IN_TERMIOS 1
#define HAVE_STRUCT_DIRENT_D_INO 1
#define HAVE_WCTYPE_H 1
#define HAVE_WCHAR_H 1
#define HAVE_MBRLEN 1
#define HAVE_MBSRTOWCS 1
#define HAVE_WCRTOMB 1
#define HAVE_WCSCOLL 1
#define HAVE_WCSDUP 1
#define HAVE_WCWIDTH 1
#define HAVE_WCTYPE 1
#define HAVE_WCSWIDTH 1
#define HAVE_MBRTOWC 1
#define HAVE_MBSTATE_T 1
#define HAVE_ISWLOWER 1
#define HAVE_ISWUPPER 1
#define HAVE_TOWLOWER 1
#define HAVE_TOWUPPER 1
#define HAVE_ISWCTYPE 1
#define HAVE_WCHAR_T 1
#define HAVE_WCTYPE_T 1
#define HAVE_WINT_T 1

configure: exit 0
